
======================================================================
  STEP 0: Clean results/
======================================================================
  ✓ Cleaned

======================================================================
  STEP 1: ETL (01_etl.py) — cohort construction
======================================================================
======================================================================
01_etl.py — Cohort Construction (v5: risk-set design)
  Outputs: did_all, did_labs_all, did_cr_all per database
  No lab summary columns — R computes at match time
======================================================================

======================================================================
01_etl.py — eICU-CRD (v5: risk-set design)
======================================================================
  patient.csv.gz: 200,859 rows
  Cardiac surgery, adult, 1st stay: 26,725

  Loading tables via DuckDB (26,725 pids)...
  lab: 6,164,945 rows
  medication: 1,182,232 rows
  infusionDrug: 839,693 rows
  diagnosis: 289,552 rows
  pastHistory: 145,823 rows
  vitalPeriodic: 19,653,719 rows
  admissionDrug: 97,730 rows
  ESKD excluded: 903 → 25,822

  IV Magnesium identification...
  Treated (any IV Mg): 6,761 (26.2%)
    Onset (h): n=6761, median=10.00, IQR=[0.65–32.95]
    ≤6h: 2,986 (44.2%)
    ≤12h: 3,579 (52.9%)
    ≤24h: 4,670 (69.1%)
    ≤48h: 5,614 (83.0%)
  Cr_pre: ICU=4025, +fallback=923

  Building treated: 4,845
  Building control: 14,244

  Secondary outcomes...
    POAF: trt=173, ctl=734

  ✓ did_all_eicu.csv: 19,089 pts (4845 treated + 14244 control)
  ✓ did_cr_all_eicu.csv: 125,488 Cr for 19,057 pts
  ✓ did_labs_all_eicu.csv: 15,889,527 measurements
    magnesium: 79,395 values across 15,500 pts
    potassium: 170,338 values across 19,070 pts
    calcium: 141,058 values across 18,966 pts
    lactate: 17,631 values across 4,453 pts
    heartrate: 15,481,105 values across 18,623 pts

  CONSORT: {'total_icu': 200859, 'cardiac_adult_first': 26725, 'post_eskd': 25822, 'treated_any_ivmg': 6761, 'control_no_ivmg': 19218, 'treated_has_cr_pre': 4025, 'treated_no_cr_pre': 2736, 'treated_hosp_fallback': 923, 'treated_has_cr_pre_with_fallback': 4948, 'excl_cr_high': 103, 'treated_final': 4845, 'control_has_2cr': 14582, 'control_final': 14244, 'db': 'eICU'}

======================================================================
01_etl.py — MIMIC-IV (v5: risk-set design)
======================================================================
  Cardiac surgery, adult, 1st stay: 13,404
  ESKD excluded: 429 → 12,975

  Loading big tables via DuckDB (12,975 hadm_ids)...
  labevents: 694,719 rows
  inputevents: 1,798,152 rows
  chartevents: 1,038,005 rows

  IV Magnesium identification...
  Treated: 6,539 (50.4%)
    Onset (h): n=6539, median=14.92, IQR=[6.93–29.73]
    ≤6h: 1,343 (20.5%)
    ≤12h: 2,789 (42.7%)
    ≤24h: 4,456 (68.1%)
    ≤48h: 5,866 (89.7%)

  Building treated: 6,366
  chartevents: 12,062 rows
  Building control: 6,211
  chartevents: 11,271 rows

  Secondary outcomes...
    POAF: trt=1752, ctl=1562

  ✓ did_all_mimic.csv: 12,577 pts (6366 treated + 6211 control)
  ✓ did_cr_all_mimic.csv: 136,217 Cr for 12,577 pts
  ✓ did_labs_all_mimic.csv: 1,442,217 measurements
    magnesium: 129,369 values across 12,573 pts
    potassium: 149,067 values across 12,577 pts
    calcium: 78,377 values across 11,025 pts
    lactate: 75,776 values across 11,414 pts
    heartrate: 1,009,628 values across 12,572 pts

  CONSORT: {'total_icu': 94458, 'cardiac_adult_first': 13404, 'post_eskd': 12975, 'treated_any_ivmg': 6539, 'control_no_ivmg': 6436, 'treated_has_cr_pre': 6381, 'treated_no_cr_pre': 158, 'treated_hosp_fallback': 5, 'treated_has_cr_pre_with_fallback': 6386, 'excl_cr_high': 20, 'treated_final': 6366, 'control_has_2cr': 6272, 'control_final': 6211, 'db': 'MIMIC'}

  ✓ did_consort.csv saved

======================================================================
NEXT: Rscript 02_psm.R eicu / mimic
======================================================================
  ⏱  501s
  Outputs: did_all_{db}.csv, did_cr_all_{db}.csv, did_labs_all_{db}.csv

======================================================================
  STEP 2: PSM (02_psm.R) — risk-set matching [set.seed(2026)]
======================================================================

======================================================================
02_psm.R — MIMIC
  PRIMARY: 19var LAST (no K/Mg)
  SENS_A:  21var LAST (all labs)
  SENS_B:  19var FIRST (no K/Mg)
  Pool: yet-untreated only | Methods: PSM + DR | Horizons: 6-48h
======================================================================
  Loading labs...
           used  (Mb) gc trigger  (Mb) max used  (Mb)
Ncells  1883319 100.6    4157297 222.1  2937521 156.9
Vcells 10531105  80.4   33244715 253.7 33112665 252.7
  Patients: 12577 (6366 trt, 6211 ctl)

  LAST labs (closest to T0)...
    last_magnesium: 10728 (85%)
    last_potassium: 11826 (94%)
    last_calcium: 8787 (70%)
    last_lactate: 11095 (88%)
    last_heartrate: 12572 (100%)
  FIRST labs (earliest postop)...
    first_magnesium: 10725 (85%)
    first_potassium: 11822 (94%)
    first_calcium: 8786 (70%)
    first_lactate: 11097 (88%)
    first_heartrate: 12572 (100%)
  Cr lists + AKI...
  Risk sets (yet-untreated)...
    YT median risk set: 5801

  MICE m=20 on 9 vars: bmi, last_calcium, last_lactate, last_heartrate, last_magnesium, last_potassium, first_calcium, first_lactate, first_heartrate
  MICE done. Logged: 400
Warning message:
Number of logged events: 400 
  Caliper: 0.0297

------------------------------------------------------------
  PRIMARY [19var LAST (no K/Mg)] | YET_UNTREATED | 19 covars
------------------------------------------------------------
  Matched: 6354/6366 (99.8%)
  Balance: max=0.112, viol=1/19
    DR adjusts: last_lactate
  ── PSM_DR [primary | yet_untreated] ──
    6h  -0.0102  P=0.0004 *  [-0.0159,-0.0046]  n=5988
   12h  -0.0075  P=0.0556    [-0.0151,+0.0002]  n=5493
   18h  -0.0105  P=0.0197 *  [-0.0192,-0.0017]  n=5680
   24h  -0.0103  P=0.0475 *  [-0.0206,-0.0001]  n=5457 <<
   30h  -0.0165  P=0.0034 *  [-0.0275,-0.0054]  n=5536
   36h  -0.0162  P=0.0107 *  [-0.0287,-0.0038]  n=5048
   42h  -0.0146  P=0.0362 *  [-0.0282,-0.0009]  n=4777
   48h  -0.0078  P=0.3111    [-0.0229,+0.0073]  n=4423

------------------------------------------------------------
  SENS_A [21var LAST (all labs)] | YET_UNTREATED | 21 covars
------------------------------------------------------------
  Matched: 6347/6366 (99.7%)
  Balance: max=0.195, viol=7/21
    DR adjusts: is_female, surg_valve, heart_failure, stroke, egfr, last_lactate_missing, last_heartrate
  ── PSM_DR [sens_a | yet_untreated] ──
    6h  -0.0101  P=0.0010 *  [-0.0161,-0.0041]  n=5995
   12h  -0.0058  P=0.1702    [-0.0141,+0.0025]  n=5515
   18h  -0.0075  P=0.1234    [-0.0171,+0.0021]  n=5699
   24h  -0.0062  P=0.2873    [-0.0175,+0.0052]  n=5478 <<
   30h  -0.0093  P=0.1542    [-0.0220,+0.0035]  n=5345
   36h  -0.0077  P=0.3037    [-0.0223,+0.0069]  n=4730
   42h  -0.0068  P=0.4128    [-0.0231,+0.0095]  n=4368
   48h  -0.0016  P=0.8617    [-0.0198,+0.0165]  n=4013

------------------------------------------------------------
  SENS_B [19var FIRST (no K/Mg)] | YET_UNTREATED | 19 covars
------------------------------------------------------------
  Matched: 6353/6366 (99.8%)
  Balance: max=0.078, viol=0/19
  ── PSM_DR [sens_b | yet_untreated] ──
    6h  -0.0104  P=0.0003 *  [-0.0162,-0.0047]  n=6033
   12h  -0.0094  P=0.0175 *  [-0.0171,-0.0016]  n=5544
   18h  -0.0122  P=0.0083 *  [-0.0213,-0.0031]  n=5672
   24h  -0.0113  P=0.0355 *  [-0.0218,-0.0008]  n=5468 <<
   30h  -0.0146  P=0.0124 *  [-0.0261,-0.0032]  n=5559
   36h  -0.0133  P=0.0407 *  [-0.0260,-0.0006]  n=5077
   42h  -0.0080  P=0.2618    [-0.0220,+0.0060]  n=4812
   48h  -0.0048  P=0.5405    [-0.0200,+0.0105]  n=4497

======================================================================
  SUMMARY: MIMIC (PSM_DR, yet-untreated)
======================================================================
  spec               24h DiD       P      n
  primary           -0.0103  0.048  5457
  sens_a            -0.0062  0.287  5478
  sens_b            -0.0113  0.036  5468

======================================================================
02_psm.R -- MIMIC DONE (48 rows)
======================================================================

======================================================================
02_psm.R — EICU
  PRIMARY: 19var LAST (no K/Mg)
  SENS_A:  21var LAST (all labs)
  SENS_B:  19var FIRST (no K/Mg)
  Pool: yet-untreated only | Methods: PSM + DR | Horizons: 6-48h
======================================================================
  Loading labs...
           used  (Mb) gc trigger   (Mb)  max used   (Mb)
Ncells  1883319 100.6    3787720  202.3   3217135  171.9
Vcells 13108809 100.1  198054451 1511.1 308461989 2353.4
  Patients: 19089 (4845 trt, 14244 ctl)

  LAST labs (closest to T0)...
    last_magnesium: 14604 (77%)
    last_potassium: 18301 (96%)
    last_calcium: 18116 (95%)
    last_lactate: 4043 (21%)
    last_heartrate: 18287 (96%)
  FIRST labs (earliest postop)...
    first_magnesium: 14605 (77%)
    first_potassium: 18300 (96%)
    first_calcium: 18116 (95%)
    first_lactate: 4048 (21%)
    first_heartrate: 18287 (96%)
  Cr lists + AKI...
  Risk sets (yet-untreated)...
    YT median risk set: 6355

  MICE m=20 on 10 vars: bmi, egfr, last_calcium, last_lactate, last_heartrate, last_magnesium, last_potassium, first_calcium, first_lactate, first_heartrate
  MICE done. Logged: 400
Warning message:
Number of logged events: 400 
  Caliper: 0.0195

------------------------------------------------------------
  PRIMARY [19var LAST (no K/Mg)] | YET_UNTREATED | 19 covars
------------------------------------------------------------
  Matched: 4834/4845 (99.8%)
  Balance: max=0.112, viol=1/19
    DR adjusts: last_lactate_missing
  ── PSM_DR [primary | yet_untreated] ──
    6h  +0.0086  P=0.2565    [-0.0062,+0.0233]  n=3425
   12h  +0.0189  P=0.0768    [-0.0020,+0.0399]  n=2853
   18h  +0.0012  P=0.8942    [-0.0162,+0.0186]  n=2939
   24h  -0.0008  P=0.9372    [-0.0208,+0.0192]  n=2751 <<
   30h  -0.0132  P=0.2616    [-0.0362,+0.0098]  n=2454
   36h  -0.0214  P=0.1364    [-0.0496,+0.0068]  n=2080
   42h  -0.0317  P=0.0407 *  [-0.0621,-0.0013]  n=1975
   48h  -0.0224  P=0.1797    [-0.0550,+0.0103]  n=1817

------------------------------------------------------------
  SENS_A [21var LAST (all labs)] | YET_UNTREATED | 21 covars
------------------------------------------------------------
  Matched: 4815/4845 (99.4%)
  Balance: max=0.124, viol=2/21
    DR adjusts: hypertension, last_lactate_missing
  ── PSM_DR [sens_a | yet_untreated] ──
    6h  +0.0131  P=0.0735    [-0.0012,+0.0273]  n=3355
   12h  +0.0247  P=0.0179 *  [+0.0043,+0.0452]  n=2774
   18h  +0.0181  P=0.0454 *  [+0.0004,+0.0358]  n=2888
   24h  +0.0167  P=0.1116    [-0.0039,+0.0373]  n=2701 <<
   30h  +0.0223  P=0.0522    [-0.0002,+0.0448]  n=2409
   36h  +0.0138  P=0.3006    [-0.0123,+0.0398]  n=2047
   42h  +0.0186  P=0.1924    [-0.0093,+0.0465]  n=1956
   48h  +0.0314  P=0.0554    [-0.0007,+0.0636]  n=1799

------------------------------------------------------------
  SENS_B [19var FIRST (no K/Mg)] | YET_UNTREATED | 19 covars
------------------------------------------------------------
  Matched: 4843/4845 (100.0%)
  Balance: max=0.117, viol=1/19
    DR adjusts: hypertension
  ── PSM_DR [sens_b | yet_untreated] ──
    6h  +0.0041  P=0.5658    [-0.0099,+0.0181]  n=3389
   12h  +0.0023  P=0.7999    [-0.0156,+0.0203]  n=2807
   18h  -0.0037  P=0.6746    [-0.0210,+0.0136]  n=2920
   24h  -0.0072  P=0.4779    [-0.0270,+0.0127]  n=2738 <<
   30h  -0.0139  P=0.1904    [-0.0346,+0.0069]  n=2479
   36h  -0.0263  P=0.0437 *  [-0.0519,-0.0008]  n=2085
   42h  -0.0162  P=0.2357    [-0.0431,+0.0106]  n=2015
   48h  -0.0030  P=0.8482    [-0.0338,+0.0277]  n=1852

======================================================================
  SUMMARY: EICU (PSM_DR, yet-untreated)
======================================================================
  spec               24h DiD       P      n
  primary           -0.0008  0.937  2751
  sens_a            +0.0167  0.112  2701
  sens_b            -0.0072  0.478  2738

======================================================================
02_psm.R -- EICU DONE (48 rows)
======================================================================
  ⏱  580s
  Outputs: did_riskset_{db}.csv, did_pairs_*_{db}.csv

======================================================================
  STEP 3: HTE (03_hte.R) — subgroup analysis
======================================================================

======================================================================
03_hte.R — HTE: MIMIC (post-T0 outcomes)
======================================================================
  Pairs: 6354 | Patients: 12577
  LAST labs...
  Building outcomes...
  Dataset: 12708 rows (6354 pairs)
  NOTE: POAF/encephalopathy/vent_arrhythmia are hospitalization-level ICD (no T0 filter)

  Overall:
    dcr_48h: trt=+0.1026 ctl=+0.1057 DiD=-0.0031
    aki_48h: trt=22.1% ctl=24.4% RD=-2.4%
    aki_7d: trt=26.0% ctl=28.8% RD=-2.8%
    hosp_mortality: trt=3.4% ctl=4.5% RD=-1.1%
    poaf: trt=27.6% ctl=26.6% RD=+1.0%
    encephalopathy: trt=7.6% ctl=7.9% RD=-0.3%
    vent_arrhythmia: trt=6.6% ctl=6.2% RD=+0.5%

  == dCr 48h ==
  Subgroup                nT    nC       DiD        P
  Overall               5735  5664 -0.0031  0.6476  
  Age < 65              2218  2215 -0.0187  0.0745  
  Age >= 65             3517  3449 +0.0062  0.4887  
  eGFR < 60              935  1070 +0.0251  0.3820  
  eGFR >= 60            4800  4594 -0.0075  0.1938  
  Mg < 1.8              1038   324 +0.0381  0.1831  
  Mg >= 1.8             3041  5323 -0.0581  0.0000 *
  CABG                  1167  1123 +0.0063  0.6198  
  Non-CABG              4568  4541 -0.0056  0.4788  
  Diabetes              1854  1836 -0.0257  0.0475 *
  No diabetes           3881  3828 +0.0077  0.3378  
  CKD                    831   841 -0.0230  0.3862  
  No CKD                4904  4823 +0.0009  0.8940  
  Heart failure         1770  1975 +0.0080  0.5766  
  No HF                 3965  3689 -0.0080  0.2805  
  BMI >= 30             1809  1649 +0.0006  0.9655  
  BMI < 30              3444  3396 -0.0066  0.4352  
  DM + CKD               406   431 -0.0666  0.0874  
  HF + CABG              230   223 +0.0066  0.8778  
  Mg<1.8 + CKD           173    38 +0.1851  0.1683  

  == 48h AKI (KDIGO, both criteria) ==
  Subgroup                nT    nC    T%    C%   RD%    OR        P
  Overall               6354  6354  22.1  24.4 -2.4  0.88  0.0015 *
  Age < 65              2463  2510  14.7  17.8 -3.0  0.80  0.0038 *
  Age >= 65             3891  3844  26.7  28.8 -2.1  0.90  0.0396 *
  eGFR < 60             1016  1204  34.6  36.7 -2.1  0.91  0.3121  
  eGFR >= 60            5338  5150  19.7  21.6 -1.9  0.89  0.0161 *
  Mg < 1.8              1185   356  21.2  26.1 -4.9  0.76  0.0501  
  Mg >= 1.8             3324  5975  17.1  24.4 -7.3  0.64  0.0000 *
  CABG                  1325  1276  22.0  21.9 +0.1  1.01  0.9538  
  Non-CABG              5029  5078  22.1  25.1 -3.0  0.85  0.0004 *
  Diabetes              2021  2019  26.3  28.7 -2.4  0.89  0.0940  
  No diabetes           4333  4335  20.1  22.5 -2.4  0.87  0.0066 *
  CKD                    892   898  36.9  45.0 -8.1  0.71  0.0005 *
  No CKD                5462  5456  19.6  21.1 -1.4  0.92  0.0665  
  Heart failure         1912  2145  26.2  28.2 -2.0  0.90  0.1516  
  No HF                 4442  4209  20.3  22.5 -2.2  0.88  0.0111 *
  BMI >= 30             1978  1840  23.3  25.5 -2.2  0.89  0.1166  
  BMI < 30              3817  3785  22.5  25.7 -3.2  0.84  0.0011 *
  DM + CKD               426   458  41.3  45.9 -4.5  0.83  0.1748  
  HF + CABG              250   237  29.2  32.5 -3.3  0.86  0.4330  
  Mg<1.8 + CKD           193    42  38.3  40.5 -2.1  0.91  0.7978  

  == 7d AKI (KDIGO consolidated) ==
  Subgroup                nT    nC    T%    C%   RD%    OR        P
  Overall               6354  6354  26.0  28.8 -2.8  0.87  0.0005 *
  Age < 65              2463  2510  18.6  21.3 -2.7  0.84  0.0165 *
  Age >= 65             3891  3844  30.7  33.7 -3.0  0.87  0.0055 *
  eGFR < 60             1016  1204  37.6  40.8 -3.2  0.87  0.1264  
  eGFR >= 60            5338  5150  23.8  26.0 -2.2  0.89  0.0102 *
  Mg < 1.8              1185   356  26.5  31.2 -4.7  0.80  0.0836  
  Mg >= 1.8             3324  5975  20.4  28.7 -8.3  0.64  0.0000 *
  CABG                  1325  1276  25.1  26.3 -1.1  0.94  0.5129  
  Non-CABG              5029  5078  26.2  29.4 -3.2  0.85  0.0004 *
  Diabetes              2021  2019  30.4  33.1 -2.7  0.88  0.0650  
  No diabetes           4333  4335  24.0  26.8 -2.8  0.86  0.0027 *
  CKD                    892   898  40.4  48.7 -8.3  0.71  0.0004 *
  No CKD                5462  5456  23.7  25.5 -1.8  0.91  0.0256 *
  Heart failure         1912  2145  31.6  33.4 -1.8  0.92  0.2246  
  No HF                 4442  4209  23.6  26.4 -2.8  0.86  0.0024 *
  BMI >= 30             1978  1840  27.4  29.7 -2.3  0.89  0.1121  
  BMI < 30              3817  3785  26.2  29.6 -3.4  0.84  0.0008 *
  DM + CKD               426   458  43.9  48.3 -4.4  0.84  0.1948  
  HF + CABG              250   237  36.4  37.6 -1.2  0.95  0.7927  
  Mg<1.8 + CKD           193    42  42.0  40.5 +1.5  1.06  0.8595  

  == Mortality ==
  Subgroup                nT    nC    T%    C%   RD%    OR        P
  Overall               6354  6354   3.4   4.5 -1.1  0.75  0.0017 *
  Age < 65              2463  2510   2.5   3.6 -1.1  0.68  0.0235 *
  Age >= 65             3891  3844   4.0   5.1 -1.1  0.78  0.0215 *
  eGFR < 60             1016  1204  11.2  15.9 -4.7  0.67  0.0014 *
  eGFR >= 60            5338  5150   1.9   1.8 +0.1  1.06  0.6907  
  Mg < 1.8              1185   356   6.9   9.0 -2.1  0.75  0.1924  
  Mg >= 1.8             3324  5975   3.5   4.2 -0.8  0.81  0.0668  
  CABG                  1325  1276   1.0   1.0 -0.0  0.96  0.9231  
  Non-CABG              5029  5078   4.0   5.4 -1.3  0.74  0.0018 *
  Diabetes              2021  2019   3.4   5.2 -1.8  0.64  0.0053 *
  No diabetes           4333  4335   3.4   4.2 -0.8  0.81  0.0647  
  CKD                    892   898   7.2   9.0 -1.8  0.78  0.1536  
  No CKD                5462  5456   2.8   3.7 -1.0  0.74  0.0051 *
  Heart failure         1912  2145   5.9   8.4 -2.6  0.68  0.0016 *
  No HF                 4442  4209   2.3   2.5 -0.1  0.95  0.6941  
  BMI >= 30             1978  1840   3.3   3.4 -0.1  0.97  0.8858  
  BMI < 30              3817  3785   3.0   3.8 -0.8  0.79  0.0585  
  DM + CKD               426   458   7.3   6.8 +0.5  1.08  0.7677  
  HF + CABG              250   237   2.8   2.1 +0.7  1.34  0.6252  
  Mg<1.8 + CKD           193    42  11.9  19.0 -7.1  0.58  0.2222  

  == POAF ==
  Subgroup                nT    nC    T%    C%   RD%    OR        P
  Overall               6354  6354  27.6  26.6 +1.0  1.05  0.2085  
  Age < 65              2463  2510  20.3  16.3 +4.1  1.32  0.0002 *
  Age >= 65             3891  3844  32.1  33.3 -1.2  0.95  0.2716  
  eGFR < 60             1016  1204  27.8  28.2 -0.5  0.98  0.8007  
  eGFR >= 60            5338  5150  27.5  26.2 +1.3  1.07  0.1204  
  Mg < 1.8              1185   356  17.9  18.3 -0.4  0.98  0.8740  
  Mg >= 1.8             3324  5975  29.0  27.1 +1.9  1.10  0.0536  
  CABG                  1325  1276  26.2  20.3 +5.9  1.39  0.0004 *
  Non-CABG              5029  5078  27.9  28.1 -0.2  0.99  0.8030  
  Diabetes              2021  2019  24.8  24.7 +0.1  1.01  0.9273  
  No diabetes           4333  4335  28.8  27.4 +1.4  1.07  0.1480  
  CKD                    892   898  28.4  30.5 -2.1  0.90  0.3189  
  No CKD                5462  5456  27.4  25.9 +1.5  1.08  0.0746  
  Heart failure         1912  2145  29.9  28.0 +1.9  1.10  0.1845  
  No HF                 4442  4209  26.6  25.8 +0.7  1.04  0.4497  
  BMI >= 30             1978  1840  29.8  26.5 +3.3  1.18  0.0234 *
  BMI < 30              3817  3785  27.8  28.1 -0.3  0.98  0.7602  
  DM + CKD               426   458  27.2  28.6 -1.4  0.93  0.6499  
  HF + CABG              250   237  32.8  18.1 +14.7  2.20  0.0003 *
  Mg<1.8 + CKD           193    42  20.7  33.3 -12.6  0.52  0.0830  

  == Encephalopathy ==
  Subgroup                nT    nC    T%    C%   RD%    OR        P
  Overall               6354  6354   7.6   7.9 -0.3  0.96  0.5289  
  Age < 65              2463  2510   5.6   5.7 -0.1  0.99  0.9336  
  Age >= 65             3891  3844   8.9   9.4 -0.5  0.94  0.4466  
  eGFR < 60             1016  1204  13.5  14.3 -0.8  0.94  0.5870  
  eGFR >= 60            5338  5150   6.5   6.4 +0.1  1.01  0.8786  
  Mg < 1.8              1185   356  10.5  16.3 -5.8  0.60  0.0031 *
  Mg >= 1.8             3324  5975   8.4   7.4 +0.9  1.13  0.1142  
  CABG                  1325  1276   2.9   2.2 +0.7  1.32  0.2764  
  Non-CABG              5029  5078   8.9   9.4 -0.5  0.94  0.3965  
  Diabetes              2021  2019   8.1  10.0 -1.9  0.79  0.0363 *
  No diabetes           4333  4335   7.4   7.0 +0.4  1.07  0.4261  
  CKD                    892   898  13.8  13.5 +0.3  1.03  0.8462  
  No CKD                5462  5456   6.6   7.0 -0.4  0.94  0.4160  
  Heart failure         1912  2145  10.9  12.2 -1.3  0.88  0.2002  
  No HF                 4442  4209   6.2   5.7 +0.5  1.09  0.3636  
  BMI >= 30             1978  1840   7.4   9.2 -1.8  0.79  0.0434 *
  BMI < 30              3817  3785   7.6   6.6 +0.9  1.15  0.1110  
  DM + CKD               426   458  13.6  10.9 +2.7  1.29  0.2223  
  HF + CABG              250   237   3.2   1.7 +1.5  1.93  0.2910  
  Mg<1.8 + CKD           193    42  19.2  23.8 -4.6  0.76  0.4986  

  == Vent arrhythmia ==
  Subgroup                nT    nC    T%    C%   RD%    OR        P
  Overall               6354  6354   6.6   6.2 +0.5  1.08  0.2927  
  Age < 65              2463  2510   7.4   7.5 -0.1  0.99  0.8924  
  Age >= 65             3891  3844   6.1   5.3 +0.8  1.17  0.1133  
  eGFR < 60             1016  1204  11.1  12.1 -1.0  0.91  0.4631  
  eGFR >= 60            5338  5150   5.8   4.8 +1.0  1.22  0.0229 *
  Mg < 1.8              1185   356   6.0   7.6 -1.6  0.78  0.2816  
  Mg >= 1.8             3324  5975   7.4   6.0 +1.4  1.25  0.0095 *
  CABG                  1325  1276   4.8   2.4 +2.3  2.00  0.0018 *
  Non-CABG              5029  5078   7.1   7.1 +0.0  1.00  0.9853  
  Diabetes              2021  2019   6.1   7.1 -1.0  0.84  0.1814  
  No diabetes           4333  4335   6.9   5.7 +1.2  1.22  0.0266 *
  CKD                    892   898   8.9   8.8 +0.1  1.01  0.9648  
  No CKD                5462  5456   6.2   5.7 +0.5  1.10  0.2479  
  Heart failure         1912  2145  12.3  11.2 +1.1  1.11  0.2974  
  No HF                 4442  4209   4.2   3.6 +0.6  1.18  0.1480  
  BMI >= 30             1978  1840   6.1   6.2 -0.2  0.97  0.8139  
  BMI < 30              3817  3785   6.4   5.3 +1.2  1.23  0.0316 *
  DM + CKD               426   458   9.2   8.1 +1.1  1.15  0.5691  
  HF + CABG              250   237  10.0   5.9 +4.1  1.77  0.1006  
  Mg<1.8 + CKD           193    42   8.3  11.9 -3.6  0.67  0.4612  

  == INTERACTIONS (dCr 48h) ==
    treated x age_ge65         P=0.0712  
    treated x egfr_lt60        P=0.2660  
    treated x mg_lt18          P=0.1312  
    treated x surg_cabg        P=0.4260  
    treated x diabetes         P=0.0285 *
    treated x ckd              P=0.3822  
    treated x heart_failure    P=0.3213  
    treated x bmi_ge30         P=0.7138  

======================================================================
03_hte.R — MIMIC DONE (140 rows)
======================================================================

======================================================================
03_hte.R — HTE: EICU (post-T0 outcomes)
======================================================================
  Pairs: 4834 | Patients: 19089
  LAST labs...
  Loading eICU raw diagnosis table for post-T₀ outcomes...
    Loaded 111497 diagnosis rows for 7981 patients
    Loading pastHistory for prior AF...
    Prior AF: 907 patients
    Post-T0 POAF: 107/4834 trt, 257/4834 ctl
  Building outcomes...
  Dataset: 9668 rows (4834 pairs)
  NOTE: POAF/encephalopathy/vent_arrhythmia use post-T0 extraction (7d window)

  Overall:
    dcr_48h: trt=-0.0036 ctl=+0.0226 DiD=-0.0262
    aki_48h: trt=9.6% ctl=14.0% RD=-4.4%
    aki_7d: trt=11.9% ctl=17.1% RD=-5.2%
    hosp_mortality: trt=7.4% ctl=8.3% RD=-1.0%
    poaf: trt=2.2% ctl=5.3% RD=-3.1%
    encephalopathy: trt=3.5% ctl=11.0% RD=-7.5%
    vent_arrhythmia: trt=3.9% ctl=3.7% RD=+0.3%

  == dCr 48h ==
  Subgroup                nT    nC       DiD        P
  Overall               2767  3391 -0.0262  0.0438 *
  Age < 65              1225  1455 +0.0104  0.6117  
  Age >= 65             1542  1936 -0.0538  0.0012 *
  eGFR < 60              826  1116 -0.0652  0.0598  
  eGFR >= 60            1941  2275 -0.0116  0.2648  
  Mg < 1.8              1181   501 +0.0210  0.3969  
  Mg >= 1.8             1399  2510 -0.0231  0.1899  
  CABG                   553   759 -0.0245  0.2030  
  Non-CABG              2214  2632 -0.0243  0.1200  
  Diabetes               806  1103 -0.0456  0.0736  
  No diabetes           1961  2288 -0.0174  0.2468  
  CKD                     29    37 +0.1237  0.4407  
  No CKD                2738  3354 -0.0279  0.0321 *
  Heart failure          487   624 -0.0357  0.2645  
  No HF                 2280  2767 -0.0245  0.0845  
  BMI >= 30             1029  1310 -0.0344  0.1229  
  BMI < 30              1697  2020 -0.0202  0.2115  
  DM + CKD                20    14 +0.0000  1.0000  
  HF + CABG               55    70 -0.1017  0.1112  
  Mg<1.8 + CKD            21     8 +0.0000  1.0000  

  == 48h AKI (KDIGO, both criteria) ==
  Subgroup                nT    nC    T%    C%   RD%    OR        P
  Overall               4834  4834   9.6  14.0 -4.4  0.65  0.0000 *
  Age < 65              2103  2160   8.4  11.1 -2.6  0.74  0.0037 *
  Age >= 65             2731  2674  10.5  16.4 -5.9  0.60  0.0000 *
  eGFR < 60             1411  1459  16.3  22.3 -6.0  0.68  0.0000 *
  eGFR >= 60            3391  3375   6.9  10.4 -3.5  0.64  0.0000 *
  Mg < 1.8              1788   668  10.5  14.7 -4.2  0.68  0.0045 *
  Mg >= 1.8             1972  3436  12.3  14.8 -2.5  0.80  0.0094 *
  CABG                   997  1065   9.6  17.3 -7.6  0.51  0.0000 *
  Non-CABG              3837  3769   9.6  13.1 -3.5  0.71  0.0000 *
  Diabetes              1406  1548  12.5  17.1 -4.5  0.70  0.0006 *
  No diabetes           3428  3286   8.4  12.6 -4.2  0.64  0.0000 *
  CKD                     48    45   6.2  11.1 -4.9  0.53  0.4144  
  No CKD                4786  4789   9.7  14.1 -4.4  0.65  0.0000 *
  Heart failure          786   844  11.1  16.4 -5.3  0.64  0.0021 *
  No HF                 4048  3990   9.3  13.5 -4.2  0.66  0.0000 *
  BMI >= 30             1739  1852  11.6  15.1 -3.6  0.73  0.0018 *
  BMI < 30              2935  2895   8.7  13.4 -4.7  0.61  0.0000 *
  DM + CKD                20    14   0.0   0.0 +0.0  1.00  1.0000  
  HF + CABG               94   108   8.5  23.1 -14.6  0.31  0.0071 *
  Mg<1.8 + CKD            21     8   0.0   0.0 +0.0  1.00  1.0000  

  == 7d AKI (KDIGO consolidated) ==
  Subgroup                nT    nC    T%    C%   RD%    OR        P
  Overall               4834  4834  11.9  17.1 -5.2  0.66  0.0000 *
  Age < 65              2103  2160  10.8  14.6 -3.8  0.71  0.0002 *
  Age >= 65             2731  2674  12.8  19.1 -6.3  0.62  0.0000 *
  eGFR < 60             1411  1459  18.5  25.8 -7.3  0.65  0.0000 *
  eGFR >= 60            3391  3375   9.3  13.3 -4.0  0.67  0.0000 *
  Mg < 1.8              1788   668  13.6  19.3 -5.7  0.66  0.0005 *
  Mg >= 1.8             1972  3436  14.6  18.1 -3.5  0.77  0.0008 *
  CABG                   997  1065  10.9  19.7 -8.8  0.50  0.0000 *
  Non-CABG              3837  3769  12.2  16.4 -4.2  0.71  0.0000 *
  Diabetes              1406  1548  15.0  20.0 -5.0  0.71  0.0004 *
  No diabetes           3428  3286  10.7  15.8 -5.1  0.64  0.0000 *
  CKD                     48    45  12.5  22.2 -9.7  0.50  0.2248  
  No CKD                4786  4789  11.9  17.1 -5.1  0.66  0.0000 *
  Heart failure          786   844  13.5  18.8 -5.4  0.67  0.0036 *
  No HF                 4048  3990  11.6  16.7 -5.1  0.65  0.0000 *
  BMI >= 30             1739  1852  14.0  19.1 -5.1  0.69  0.0000 *
  BMI < 30              2935  2895  11.0  15.9 -4.8  0.66  0.0000 *
  DM + CKD                20    14   0.0   0.0 +0.0  1.00  1.0000  
  HF + CABG               94   108   9.6  23.1 -13.6  0.35  0.0129 *
  Mg<1.8 + CKD            21     8   0.0   0.0 +0.0  1.00  1.0000  

  == Mortality ==
  Subgroup                nT    nC    T%    C%   RD%    OR        P
  Overall               4834  4834   7.4   8.3 -1.0  0.88  0.0824  
  Age < 65              2103  2160   5.7   6.8 -1.1  0.82  0.1222  
  Age >= 65             2731  2674   8.7   9.6 -0.9  0.90  0.2735  
  eGFR < 60             1411  1459  14.2  13.8 +0.4  1.03  0.7587  
  eGFR >= 60            3391  3375   4.5   6.0 -1.4  0.75  0.0080 *
  Mg < 1.8              1788   668   8.1   9.9 -1.8  0.80  0.1506  
  Mg >= 1.8             1972  3436   7.2   9.0 -1.8  0.78  0.0184 *
  CABG                   997  1065   1.4   0.9 +0.5  1.50  0.3284  
  Non-CABG              3837  3769   8.9  10.4 -1.5  0.84  0.0284 *
  Diabetes              1406  1548   8.0   7.6 +0.4  1.06  0.6791  
  No diabetes           3428  3286   7.1   8.7 -1.6  0.81  0.0183 *
  CKD                     48    45   6.2  22.2 -16.0  0.23  0.0386 *
  No CKD                4786  4789   7.4   8.2 -0.8  0.89  0.1398  
  Heart failure          786   844   9.2  10.9 -1.7  0.82  0.2440  
  No HF                 4048  3990   7.0   7.8 -0.8  0.90  0.1973  
  BMI >= 30             1739  1852   7.2   7.6 -0.4  0.95  0.6747  
  BMI < 30              2935  2895   7.4   8.6 -1.2  0.85  0.0992  
  DM + CKD                20    14   0.0   0.0 +0.0  1.00  1.0000  
  HF + CABG               94   108   3.2   0.9 +2.3  3.53  0.2810  
  Mg<1.8 + CKD            21     8   0.0   0.0 +0.0  1.00  1.0000  

  == POAF ==
  Subgroup                nT    nC    T%    C%   RD%    OR        P
  Overall               4834  4834   2.2   5.3 -3.1  0.40  0.0000 *
  Age < 65              2103  2160   1.3   3.9 -2.6  0.32  0.0000 *
  Age >= 65             2731  2674   2.9   6.5 -3.5  0.44  0.0000 *
  eGFR < 60             1411  1459   3.4   6.8 -3.4  0.48  0.0001 *
  eGFR >= 60            3391  3375   1.7   4.7 -2.9  0.36  0.0000 *
  Mg < 1.8              1788   668   2.0   4.3 -2.3  0.45  0.0018 *
  Mg >= 1.8             1972  3436   2.2   6.0 -3.8  0.36  0.0000 *
  CABG                   997  1065   1.1   5.3 -4.2  0.20  0.0000 *
  Non-CABG              3837  3769   2.5   5.3 -2.8  0.46  0.0000 *
  Diabetes              1406  1548   2.3   4.5 -2.2  0.51  0.0016 *
  No diabetes           3428  3286   2.2   5.7 -3.5  0.37  0.0000 *
  CKD                     48    45   4.2   4.4 -0.3  0.93  0.9480  
  No CKD                4786  4789   2.2   5.3 -3.1  0.40  0.0000 *
  Heart failure          786   844   3.6   5.6 -2.0  0.63  0.0554  
  No HF                 4048  3990   2.0   5.3 -3.3  0.36  0.0000 *
  BMI >= 30             1739  1852   2.5   5.1 -2.5  0.49  0.0001 *
  BMI < 30              2935  2895   1.9   5.6 -3.7  0.33  0.0000 *
  DM + CKD                20    14   0.0   0.0 +0.0  1.00  1.0000  
  HF + CABG               94   108   2.1   5.6 -3.4  0.37  0.2322  
  Mg<1.8 + CKD            21     8   0.0   0.0 +0.0  1.00  1.0000  

  == Encephalopathy ==
  Subgroup                nT    nC    T%    C%   RD%    OR        P
  Overall               4834  4834   3.5  11.0 -7.5  0.29  0.0000 *
  Age < 65              2103  2160   3.1  11.2 -8.1  0.25  0.0000 *
  Age >= 65             2731  2674   3.7  10.8 -7.1  0.32  0.0000 *
  eGFR < 60             1411  1459   5.0  12.1 -7.1  0.38  0.0000 *
  eGFR >= 60            3391  3375   2.8  10.5 -7.7  0.25  0.0000 *
  Mg < 1.8              1788   668   3.3  10.3 -7.0  0.30  0.0000 *
  Mg >= 1.8             1972  3436   2.9  11.7 -8.7  0.23  0.0000 *
  CABG                   997  1065   1.7  11.8 -10.1  0.13  0.0000 *
  Non-CABG              3837  3769   3.9  10.7 -6.8  0.34  0.0000 *
  Diabetes              1406  1548   4.1  10.9 -6.7  0.35  0.0000 *
  No diabetes           3428  3286   3.2  11.0 -7.9  0.26  0.0000 *
  CKD                     48    45   2.1   6.7 -4.6  0.30  0.3075  
  No CKD                4786  4789   3.5  11.0 -7.6  0.29  0.0000 *
  Heart failure          786   844   3.7  10.2 -6.5  0.34  0.0000 *
  No HF                 4048  3990   3.4  11.2 -7.7  0.28  0.0000 *
  BMI >= 30             1739  1852   3.0  11.0 -8.0  0.25  0.0000 *
  BMI < 30              2935  2895   3.5  11.1 -7.5  0.29  0.0000 *
  DM + CKD                20    14   0.0   0.0 +0.0  1.00  1.0000  
  HF + CABG               94   108   4.3  11.1 -6.9  0.36  0.0841  
  Mg<1.8 + CKD            21     8   0.0   0.0 +0.0  1.00  1.0000  

  == Vent arrhythmia ==
  Subgroup                nT    nC    T%    C%   RD%    OR        P
  Overall               4834  4834   3.9   3.7 +0.3  1.08  0.4892  
  Age < 65              2103  2160   3.9   3.3 +0.6  1.19  0.2854  
  Age >= 65             2731  2674   3.9   3.9 -0.0  1.00  0.9868  
  eGFR < 60             1411  1459   5.8   5.2 +0.6  1.12  0.4797  
  eGFR >= 60            3391  3375   3.2   3.0 +0.2  1.06  0.6981  
  Mg < 1.8              1788   668   3.9   3.7 +0.1  1.03  0.8935  
  Mg >= 1.8             1972  3436   3.1   4.3 -1.2  0.71  0.0265 *
  CABG                   997  1065   1.0   1.4 -0.4  0.71  0.4030  
  Non-CABG              3837  3769   4.7   4.3 +0.4  1.10  0.4085  
  Diabetes              1406  1548   4.0   3.6 +0.4  1.13  0.5398  
  No diabetes           3428  3286   3.9   3.7 +0.2  1.06  0.6747  
  CKD                     48    45   4.2   4.4 -0.3  0.93  0.9480  
  No CKD                4786  4789   3.9   3.7 +0.3  1.08  0.4830  
  Heart failure          786   844   5.2   4.4 +0.8  1.20  0.4323  
  No HF                 4048  3990   3.7   3.5 +0.2  1.05  0.6787  
  BMI >= 30             1739  1852   4.0   3.6 +0.5  1.13  0.4694  
  BMI < 30              2935  2895   3.9   3.8 +0.1  1.01  0.9201  
  DM + CKD                20    14   0.0   0.0 +0.0  1.00  1.0000  
  HF + CABG               94   108   3.2   0.0 +3.2 76578070.23  0.0000 *
  Mg<1.8 + CKD            21     8   0.0   0.0 +0.0  1.00  1.0000  

  == INTERACTIONS (dCr 48h) ==
    treated x age_ge65         P=0.0152 *
    treated x egfr_lt60        P=0.1382  
    treated x mg_lt18          P=0.1121  
    treated x surg_cabg        P=0.9936  
    treated x diabetes         P=0.3397  
    treated x ckd              P=0.3360  
    treated x heart_failure    P=0.7496  
    treated x bmi_ge30         P=0.6254  

======================================================================
03_hte.R — EICU DONE (140 rows)
======================================================================
  ⏱  177s
  Outputs: did_hte_{db}.csv, did_hte_data_{db}.csv

======================================================================
  STEP 4: Figures (04_figures.py) — 7 publication figures
======================================================================
/home/g91p721/mg_aki/04_figures.py:597: UserWarning: Setting the 'color' property will override the edgecolor or facecolor properties.
  Patch(
/home/g91p721/mg_aki/04_figures.py:601: UserWarning: Setting the 'color' property will override the edgecolor or facecolor properties.
  Patch(
======================================================================
04_figures.py — Publication figures
======================================================================

── Fig 1: Primary result ──
    Computing KM data for mimic (one-time)...
    Cr data: 12577 unique patients
    Processed: 12703 ok, 5 no Cr_pre, 0 pid not in Cr data
    → 12640 patients, 3482 AKI events
    Computing KM data for eicu (one-time)...
    Cr data: 19057 unique patients
    Processed: 8678 ok, 958 no Cr_pre, 32 pid not in Cr data
    → 8212 patients, 1405 AKI events
  ✓ fig1_primary

── Fig 2: HTE forest ──
  ✓ fig2_hte

── Fig 3: Benefit-harm spectrum ──
  ✓ fig3_benefit_harm

── eFig: ΔCr time course ──
  ✓ efig_timecourse

── eFig: Primary vs Sensitivity A ──
  ✓ efig_sensitivity

── eFig: HTE forest (48h AKI, supplement) ──
  ✓ efig_hte_48h

── eFig: Love plot (covariate balance) ──
  ✓ efig_love_plot
======================================================================
  ⏱  47s
  Outputs: fig1_primary, fig2_hte, fig3_benefit_harm,
           efig_timecourse, efig_sensitivity, efig_hte_48h, efig_love_plot

======================================================================
  STEP 5: Table 1 (gen_table1.py)
======================================================================
============================================================
gen_table1.py — Table 1: Baseline Characteristics
============================================================

============================================================
Table 1: MIMIC-IV
============================================================
  Loaded 6354 matched pairs (cols: trt_pid, ctl_pid)
  ID column: pid (12577 patients)
  Matched: 6354 treated, 3412 control

  Variable                                                        IV Mg            Control      SMD
  ────────────────────────────────────────────────────────────────────────────────────────────────
  **Demographics**                                                                                 
    Age, mean (SD), y                                       67.0 (12.5)        66.9 (12.4)    0.010
    Female sex, n (%)                                      2,176 (34.2)       1,160 (34.0)    0.005
    BMI, mean (SD), kg/m²                                    28.6 (6.0)         28.6 (5.9)    0.000
  **Surgery type, n (%)**                                                                          
    CABG                                                   1,325 (20.9)         654 (19.2)    0.042
    Valve surgery                                            826 (13.0)         389 (11.4)    0.049
    Combined CABG + valve                                     477 (7.5)          239 (7.0)    0.019
  **Comorbidities, n (%)**                                                                         
    Heart failure                                          1,912 (30.1)       1,046 (30.7)    0.012
    Hypertension                                           4,826 (76.0)       2,670 (78.3)    0.055
    Diabetes mellitus                                      2,021 (31.8)       1,104 (32.4)    0.012
    Chronic kidney disease                                   892 (14.0)         553 (16.2)    0.061
    COPD                                                   1,284 (20.2)         674 (19.8)    0.011
    Peripheral vascular disease                               341 (5.4)          165 (4.8)    0.024
    Stroke/TIA                                                549 (8.6)          313 (9.2)    0.019
    Liver disease                                             300 (4.7)          188 (5.5)    0.036
  **Renal function**                                                                               
    eGFR, mean (SD), mL/min/1.73 m²                         84.3 (22.5)        82.9 (23.9)    0.061
    Baseline creatinine, mean (SD), mg/dL                   0.98 (0.45)        0.97 (0.43)    0.019
  **Laboratory values (closest to T₀)**                                                            
    Serum calcium, mean (SD), mg/dL                                   —                  —        —
    Lactate, mean (SD), mmol/L                                        —                  —        —
    Lactate missing, n (%)                                            —                  —        —
    Heart rate, mean (SD), bpm                                        —                  —        —
  **Supplementary labs (not in PS model)**                                                         
    Serum magnesium, mean (SD), mg/dL                                 —                  —        —
    Serum potassium, mean (SD), mEq/L                                 —                  —        —
  **Outcomes**                                                                                     
    48-hour AKI, n (%)                                     1,402 (22.1)         909 (26.6)  0.107 *
    7-day AKI, n (%)                                       1,653 (26.0)       1,034 (30.3)    0.095
    Hospital mortality, n (%)                                 216 (3.4)          127 (3.7)    0.017
    Ventricular arrhythmia, n (%)                             420 (6.6)          194 (5.7)    0.038

  Saved: /home/g91p721/mg_aki/results/table1_mimic.csv

============================================================
Table 1: eICU-CRD
============================================================
  Loaded 4834 matched pairs (cols: trt_pid, ctl_pid)
  ID column: pid (19089 patients)
  Matched: 4834 treated, 3460 control

  Variable                                                        IV Mg            Control      SMD
  ────────────────────────────────────────────────────────────────────────────────────────────────
  **Demographics**                                                                                 
    Age, mean (SD), y                                       65.1 (14.5)        65.0 (14.8)    0.006
    Female sex, n (%)                                      1,977 (40.9)       1,386 (40.1)    0.017
    BMI, mean (SD), kg/m²                                    29.1 (7.6)         29.3 (7.5)    0.024
  **Surgery type, n (%)**                                                                          
    CABG                                                     997 (20.6)         768 (22.2)    0.038
    Valve surgery                                            646 (13.4)         490 (14.2)    0.023
    Combined CABG + valve                                     206 (4.3)          184 (5.3)    0.049
  **Comorbidities, n (%)**                                                                         
    Heart failure                                            786 (16.3)         618 (17.9)    0.043
    Hypertension                                           2,456 (50.8)       1,917 (55.4)    0.092
    Diabetes mellitus                                      1,406 (29.1)       1,110 (32.1)    0.065
    Chronic kidney disease                                     48 (1.0)           33 (1.0)    0.004
    COPD                                                     515 (10.7)         394 (11.4)    0.023
    Peripheral vascular disease                               263 (5.4)          209 (6.0)    0.026
    Stroke/TIA                                                328 (6.8)          244 (7.1)    0.011
    Liver disease                                              71 (1.5)           52 (1.5)    0.003
  **Renal function**                                                                               
    eGFR, mean (SD), mL/min/1.73 m²                         75.9 (27.6)        75.7 (28.2)    0.007
    Baseline creatinine, mean (SD), mg/dL                   1.09 (0.62)        1.07 (0.54)    0.025
  **Laboratory values (closest to T₀)**                                                            
    Serum calcium, mean (SD), mg/dL                                   —                  —        —
    Lactate, mean (SD), mmol/L                                        —                  —        —
    Lactate missing, n (%)                                            —                  —        —
    Heart rate, mean (SD), bpm                                        —                  —        —
  **Supplementary labs (not in PS model)**                                                         
    Serum magnesium, mean (SD), mg/dL                                 —                  —        —
    Serum potassium, mean (SD), mEq/L                                 —                  —        —
  **Outcomes**                                                                                     
    48-hour AKI, n (%)                                        465 (9.6)         498 (14.4)  0.147 *
    7-day AKI, n (%)                                         577 (11.9)         583 (16.8)  0.140 *
    Hospital mortality, n (%)                                 357 (7.4)          265 (7.7)    0.010
    Ventricular arrhythmia, n (%)                             289 (6.0)          195 (5.6)    0.015

  Saved: /home/g91p721/mg_aki/results/table1_eicu.csv

  Combined table saved: /home/g91p721/mg_aki/results/table1_combined.csv

============================================================
DONE
============================================================
  ⏱  1s
  Outputs: table1_{db}.csv, table1_combined.csv

======================================================================
  STEP 6: eTables (gen_etables.py)
======================================================================
============================================================
gen_etables.py — eTables for supplement
============================================================

── eTable 2: Covariate Balance ──
  Saved: /home/g91p721/mg_aki/results/etable2_balance.csv

  MIMIC-IV:
  Variable                       Raw  Matched
  ───────────────────────────────────────────
  Age                          0.048    0.001
  Female sex                   0.099    0.057
  BMI                          0.088    0.033
  CABG                         0.137    0.019
  Valve                        0.187    0.059
  Combined                     0.141    0.035
  Heart failure                0.047    0.079
  Hypertension                 0.059    0.023
  Diabetes                     0.067    0.001
  CKD                          0.153    0.003
  COPD                         0.055    0.000
  PVD                          0.054    0.005
  Stroke/TIA                   0.051    0.052
  Liver disease                0.019    0.053
  eGFR                         0.158    0.046
  Magnesium                        —    0.604
  Potassium                        —    0.037
  Calcium                          —    0.047
  Lactate                          —    0.113
  Lactate missing                  —        —
  Heart rate                       —    0.083

  eICU-CRD:
  Variable                       Raw  Matched
  ───────────────────────────────────────────
  Age                          0.056    0.030
  Female sex                   0.054    0.009
  BMI                          0.065    0.020
  CABG                         0.019    0.034
  Valve                        0.029    0.064
  Combined                     0.021    0.051
  Heart failure                0.003    0.032
  Hypertension                 0.043    0.069
  Diabetes                     0.055    0.064
  CKD                          0.008    0.006
  COPD                         0.059    0.011
  PVD                          0.007    0.036
  Stroke/TIA                   0.003    0.008
  Liver disease                0.016    0.000
  eGFR                         0.021    0.011
  Magnesium                        —    0.747
  Potassium                        —    0.236
  Calcium                          —    0.075
  Lactate                          —    0.060
  Lactate missing                  —        —
  Heart rate                       —    0.078

── eTable 3: Complete HTE Matrix ──
  Saved: /home/g91p721/mg_aki/results/etable3_hte_matrix.csv (240 rows)

============================================================
DONE
============================================================
  ⏱  1s
  Outputs: etable2_balance.csv, etable3_hte_matrix.csv

======================================================================
  STEP 7: CONSORT (gen_consort.py)
======================================================================
✓ Saved: efig1_consort.pdf / .png
  ⏱  2s
  Outputs: efig1_consort.pdf/.png

======================================================================
  DONE — 8 PDFs in results/
======================================================================
