Pipeline started: Wed Jun 17 12:11:32 MDT 2026
Steps: 2 3 4 5 7 8 9 fig


──── Step 2: Primary Analysis ────
======================================================================
R2 REVIEWER FIXES
MICE m=5 | OW primary | PSM co-primary | Lactate in PS
======================================================================

Loading eICU cohort...
  N=4632, trt=606 (13.1%), AKI=20.1%
Loading MIMIC cohort...
  N=1411, trt=255 (18.1%), AKI=28.9%

======================================================================
eICU  [N=4632, trt=606]
======================================================================
  Lactate: 3624 NA (78.2%) → median + indicator
  MICE target: bmi (95 NA, 2.1%)
  MICE target: first_heartrate (395 NA, 8.5%)
  MICE target: first_calcium (850 NA, 18.4%)
  MICE target: first_potassium (324 NA, 7.0%)
  PS model: 30 covariates
  Running MICE (m=5, pmm)...
  MICE converged.

  ── Pooled Results (Rubin's rules, m= 5 ) ──
  ow_aki1         OR=0.875 (0.667–1.146) P=0.3317
  ow_mort         OR=0.934 (0.668–1.306) P=0.6908
  psm_aki1        OR=0.843 (0.595–1.194) P=0.3353
  iptw_aki1       OR=0.785 (0.597–1.033) P=0.0835
  ow_frac         OR=1.009 (0.484–2.103) P=0.9813
  ow_enceph       OR=0.734 (0.289–1.864) P=0.5158
  ac_aki1         OR=0.795 (0.544–1.161) P=0.2350

  OW balance: max SMD = 0.0037, first_mg SMD = 0.0037, covariates with SMD>0.10: 0/30
  AC subgroup: first_mg_value weighted SMD = 0.0000 (balanced)

======================================================================
MIMIC  [N=1411, trt=255]
======================================================================
  Lactate: 503 NA (35.6%) → median + indicator
  MICE target: bmi (483 NA, 34.2%)
  MICE target: first_heartrate (444 NA, 31.5%)
  MICE target: first_calcium (225 NA, 15.9%)
  MICE target: first_potassium (56 NA, 4.0%)
  PS model: 30 covariates
  Running MICE (m=5, pmm)...
  MICE converged.

  ── Pooled Results (Rubin's rules, m= 5 ) ──
  ow_aki1         OR=1.081 (0.779–1.500) P=0.6427
  ow_mort         OR=0.660 (0.337–1.293) P=0.2263
  psm_aki1        OR=1.049 (0.662–1.663) P=0.8380
  iptw_aki1       OR=1.183 (0.830–1.685) P=0.3531
  ow_frac         OR=0.336 (0.115–0.981) P=0.0461 *
  ow_enceph       OR=0.409 (0.145–1.156) P=0.0916
  ac_aki1         OR=0.910 (0.538–1.539) P=0.7244

  OW balance: max SMD = 0.0001, first_mg SMD = 0.0000, covariates with SMD>0.10: 0/30
  AC subgroup: first_mg_value weighted SMD = 0.0000 (balanced)

======================================================================
FIXED-EFFECTS META-ANALYSIS
======================================================================
  ow_aki1         Pooled OR=0.953 (0.773–1.174) P=0.6501 I²=0%
  ow_mort         Pooled OR=0.872 (0.646–1.177) P=0.3704 I²=0%
  psm_aki1        Pooled OR=0.913 (0.691–1.205) P=0.5187 I²=0%
  iptw_aki1       Pooled OR=0.915 (0.737–1.137) P=0.4230 I²=69%
  ow_frac         Pooled OR=0.710 (0.387–1.301) P=0.2678 I²=64%
  ow_enceph       Pooled OR=0.566 (0.283–1.132) P=0.1074 I²=0%
  ac_aki1         Pooled OR=0.832 (0.612–1.132) P=0.2422 I²=0%

✓ Saved results/02_results.csv

======================================================================
KEY DECISION POINT:
If OW AKI pooled P < 0.05 → OW as primary estimator
If OW AKI pooled P > 0.05 → PSM as primary estimator
======================================================================

──── Step 3: Augment Cohorts ────
============================================================
eICU: Extracting Tier 2 variables
============================================================
  Cohort: 4632 patients
  Treatment table: 129415 rows

  Vent duration...
    0 patients, median nanh
  IABP / ECMO...
    IABP: 167, ECMO: 0
  Post-treatment HR...
    4603 available, median 81
  Max post-treatment Mg...
    3968 available, median 2.3
    >4.8 mg/dL: 7
  Alcohol history...
    0 patients
  ICU LOS: median 47.6h

  Saved: /home/g91p721/mg_aki/results/01_analysis_a_cohort_enriched.csv (4632 x 108)

============================================================
MIMIC-IV: Extracting Tier 2 variables
============================================================
  Cohort: 1411 patients

  Vent duration...
    623 patients, median 13.4h
  IABP / ECMO...
    IABP: 0, ECMO: 12
  Post-treatment HR...
    1402 available, median 79
  Max post-treatment Mg...
    1386, median 2.5
    >4.8 mg/dL: 12
  Alcohol history...
    83 patients
  ICU LOS: median 49.0h

  Saved: /home/g91p721/mg_aki/results/04_mimic_cohort_enriched.csv (1411 x 82)

✓ COMPLETE — Next: Rscript subgroup_analysis.R

──── Step 4: Subgroup/Safety ────
Loading cohorts...
  Loading 01_analysis_a_cohort_enriched.csv
  Loading 04_mimic_cohort_enriched.csv

 ============================================================ 
STEP 1: Full-sample PS + OW estimation
============================================================ 
  eICU all-patient: N=4632, max SMD=0.0038
  eICU AC: N=1051 (trt=290), max SMD=0.0000, Mg SMD=0.0000
  eICU MDS >=2: 2074/4632 (44.8%)
  MIMIC all-patient: N=1411, max SMD=0.0001
  MIMIC AC: N=376 (trt=122), max SMD=0.0000, Mg SMD=0.0000
  MIMIC MDS >=2: 828/1411 (58.7%)

 ============================================================ 
eTABLE 3: AC Subgroup Baseline
============================================================ 

  eICU AC (N=1051):
                                 Stratified by trt_label
                                  K-only        Mg+K          SMD   
  n                                 761           290               
  age (mean (SD))                 64.13 (14.16) 66.81 (14.85)  0.185
  is_female (mean (SD))            0.36 (0.48)   0.41 (0.49)   0.119
  bmi (mean (SD))                 29.74 (7.08)  29.37 (6.70)   0.055
  surgery_type (%)                                             0.134
     cabg                           274 (36.0)    106 (36.6)        
     combined                        56 ( 7.4)     13 ( 4.5)        
     other_cardiac                  301 (39.6)    119 (41.0)        
     unknown                          1 ( 0.1)      0 ( 0.0)        
     valve                          129 (17.0)     52 (17.9)        
  heart_failure (mean (SD))        0.16 (0.37)   0.17 (0.38)   0.027
  hypertension (mean (SD))         0.57 (0.49)   0.59 (0.49)   0.027
  diabetes (mean (SD))             0.33 (0.47)   0.37 (0.48)   0.078
  ckd (mean (SD))                  0.10 (0.30)   0.07 (0.26)   0.093
  baseline_creatinine (mean (SD))  1.13 (0.47)   1.10 (0.48)   0.062
  egfr (mean (SD))                73.65 (24.75) 73.59 (23.97)  0.002
  loop_diuretics (mean (SD))       0.30 (0.46)   0.23 (0.42)   0.170
  ppi (mean (SD))                  0.24 (0.43)   0.21 (0.41)   0.057
  first_mg_value (mean (SD))       2.21 (0.52)   1.99 (0.46)   0.443
  mds (mean (SD))                  1.53 (1.09)   1.44 (1.07)   0.084
  aki_kdigo1 (mean (SD))           0.21 (0.41)   0.16 (0.36)   0.146
  hospital_mortality (mean (SD))   0.06 (0.24)   0.06 (0.24)   0.001

  MIMIC AC (N=376):
                                 Stratified by trt_label
                                  K-only        Mg+K          SMD   
  n                                 254           122               
  age (mean (SD))                 68.92 (14.51) 72.99 (12.99)  0.296
  is_female (mean (SD))            0.43 (0.50)   0.48 (0.50)   0.109
  bmi (mean (SD))                 27.54 (5.47)  26.58 (4.64)   0.189
  surgery_type (%)                                             0.091
     cabg                            55 (21.7)     22 (18.0)        
     combined                         6 ( 2.4)      3 ( 2.5)        
     other_cardiac                  139 (54.7)     70 (57.4)        
     valve                           54 (21.3)     27 (22.1)        
  heart_failure (mean (SD))        0.43 (0.50)   0.43 (0.50)   0.019
  hypertension (mean (SD))         0.74 (0.44)   0.75 (0.43)   0.041
  diabetes (mean (SD))             0.31 (0.46)   0.29 (0.45)   0.044
  ckd (mean (SD))                  0.24 (0.43)   0.21 (0.41)   0.064
  baseline_creatinine (mean (SD))  1.15 (0.53)   1.11 (0.56)   0.075
  egfr (mean (SD))                70.07 (26.92) 70.67 (27.48)  0.022
  loop_diuretics (mean (SD))       0.18 (0.38)   0.13 (0.34)   0.127
  ppi (mean (SD))                  0.28 (0.45)   0.28 (0.45)   0.007
  first_mg_value (mean (SD))       2.36 (0.72)   2.14 (0.81)   0.289
  mds (mean (SD))                  1.61 (1.03)   1.51 (0.99)   0.101
  aki_kdigo1 (mean (SD))           0.29 (0.46)   0.25 (0.44)   0.083
  hospital_mortality (mean (SD))   0.06 (0.24)   0.05 (0.22)   0.060

============================================================
eTABLE 4: Subgroup by surgery_type
============================================================
  eICU CABG                 OW:  N=1383 trt=156 OR 0.65 (0.42-1.00) P=0.052 [bal 0.120]
  eICU CABG                 AC:  N=380 trt=106 OR 0.58 (0.30-1.09) P=0.092 [bal 0.176]
  MIMIC CABG                 OW:  N=279 trt=44 OR 1.09 (0.47-2.52) P=0.839 [bal 0.307]
  MIMIC CABG                 AC:  N=77 trt=22 OR 0.59 (0.14-2.43) P=0.461 [bal 0.520]
  eICU Valve                OW:  N=694 trt=73 OR 0.55 (0.24-1.25) P=0.150 [bal 0.195]
  eICU Valve                AC:  N=181 trt=52 OR 0.25 (0.07-0.91) P=0.036 [bal 0.290]
  MIMIC Valve                OW:  N=295 trt=63 OR 0.92 (0.46-1.81) P=0.799 [bal 0.200]
  MIMIC Valve                AC:  N=81 trt=27 OR 1.25 (0.42-3.75) P=0.694 [bal 0.165]
  eICU Combined             OW:  N=231 trt=20 OR 0.93 (0.29-3.04) P=0.911 [bal 0.413]
  eICU Combined             AC:  N=69 trt=13 OR 2.34 (0.59-9.24) P=0.226 [bal 0.519]
  eICU Other cardiac        OW:  N=2321 trt=357 OR 1.09 (0.72-1.65) P=0.681 [bal 0.045]
  eICU Other cardiac        AC:  N=420 trt=119 OR 1.24 (0.70-2.20) P=0.470 [bal 0.169]
  MIMIC Other cardiac        OW:  N=791 trt=143 OR 1.12 (0.73-1.71) P=0.609 [bal 0.228]
  MIMIC Other cardiac        AC:  N=209 trt=70 OR 0.79 (0.40-1.56) P=0.494 [bal 0.192]

============================================================
eTABLE 5: Subgroup by mds_high
============================================================
  eICU MDS 0-1              OW:  N=2558 trt=337 OR 0.93 (0.63-1.36) P=0.697 [bal 0.084]
  eICU MDS 0-1              AC:  N=545 trt=159 OR 0.76 (0.42-1.37) P=0.362 [bal 0.079]
  MIMIC MDS 0-1              OW:  N=583 trt=125 OR 0.81 (0.48-1.38) P=0.441 [bal 0.085]
  MIMIC MDS 0-1              AC:  N=169 trt=54 OR 0.58 (0.25-1.38) P=0.220 [bal 0.195]
  eICU MDS >=2              OW:  N=2074 trt=269 OR 0.84 (0.59-1.19) P=0.317 [bal 0.066]
  eICU MDS >=2              AC:  N=506 trt=131 OR 0.84 (0.51-1.38) P=0.487 [bal 0.087]
  MIMIC MDS >=2              OW:  N=828 trt=130 OR 1.23 (0.81-1.86) P=0.342 [bal 0.106]
  MIMIC MDS >=2              AC:  N=207 trt=68 OR 1.17 (0.60-2.26) P=0.648 [bal 0.143]

============================================================
eTABLE 5b: Subgroup by age
============================================================
  eICU Age <60              OW:  N=1453 trt=179 OR 0.97 (0.59-1.61) P=0.907 [bal 0.101]
  eICU Age <60              AC:  N=333 trt=77 OR 0.95 (0.45-2.00) P=0.902 [bal 0.167]
  MIMIC Age <60              OW:  N=318 trt=36 OR 0.71 (0.27-1.88) P=0.496 [bal 0.210]
  MIMIC Age <60              AC:  N=71 trt=15 OR 0.78 (0.17-3.64) P=0.756 [bal 0.345]
  eICU Age >=60             OW:  N=3179 trt=427 OR 0.83 (0.61-1.13) P=0.249 [bal 0.048]
  eICU Age >=60             AC:  N=718 trt=213 OR 0.76 (0.49-1.19) P=0.233 [bal 0.072]
  MIMIC Age >=60             OW:  N=1093 trt=219 OR 1.09 (0.77-1.55) P=0.630 [bal 0.125]
  MIMIC Age >=60             AC:  N=305 trt=107 OR 0.90 (0.52-1.57) P=0.720 [bal 0.091]

============================================================
eTABLE 5c: Subgroup by first_mg_value
============================================================
  eICU Mg <2.0 (hypo)       OW:  N=1817 trt=428 OR 0.91 (0.64-1.31) P=0.623 [bal 0.322]
  eICU Mg <2.0 (hypo)       AC:  N=406 trt=164 OR 0.89 (0.51-1.55) P=0.673 [bal 0.258]
  MIMIC Mg <2.0 (hypo)       OW:  N=646 trt=193 OR 1.08 (0.71-1.63) P=0.713 [bal 0.205]
  MIMIC Mg <2.0 (hypo)       AC:  N=163 trt=81 OR 0.88 (0.42-1.85) P=0.742 [bal 0.217]
  eICU Mg >=2.0             OW:  N=2815 trt=178 OR 0.86 (0.61-1.23) P=0.415 [bal 0.168]
  eICU Mg >=2.0             AC:  N=645 trt=126 OR 0.78 (0.45-1.32) P=0.352 [bal 0.208]
  MIMIC Mg >=2.0             OW:  N=765 trt=62 OR 1.14 (0.63-2.05) P=0.660 [bal 0.951]
  MIMIC Mg >=2.0             AC:  N=213 trt=41 OR 0.96 (0.44-2.13) P=0.926 [bal 0.910]

============================================================
eTABLE 5d: Subgroup by depletion_risk
============================================================
  eICU PPI user             OW:  N=741 trt=121 OR 0.85 (0.62-1.18) P=0.346 [bal 0.239]
  eICU PPI user             AC:  N=243 trt=62 OR 1.13 (0.54-2.37) P=0.739 [bal 0.291]
  MIMIC PPI user             OW:  N=351 trt=63 OR 0.77 (0.39-1.53) P=0.452 [bal 0.228]
  MIMIC PPI user             AC:  N=104 trt=34 OR 0.63 (0.23-1.78) P=0.386 [bal 0.408]
  eICU No PPI               OW:  N=3891 trt=485 OR 0.87 (0.64-1.19) P=0.397 [bal 0.052]
  eICU No PPI               AC:  N=808 trt=228 OR 0.72 (0.46-1.12) P=0.147 [bal 0.077]
  MIMIC No PPI               OW:  N=1060 trt=192 OR 1.16 (0.80-1.68) P=0.431 [bal 0.076]
  MIMIC No PPI               AC:  N=272 trt=88 OR 1.01 (0.56-1.85) P=0.964 [bal 0.185]
  eICU Loop diuretic        OW:  N=1037 trt=138 OR 0.87 (0.61-1.25) P=0.455 [bal 0.150]
  eICU Loop diuretic        AC:  N=296 trt=66 OR 0.63 (0.31-1.29) P=0.208 [bal 0.221]
  MIMIC Loop diuretic        OW:  N=347 trt=39 OR 0.59 (0.27-1.33) P=0.204 [bal 0.327]
  MIMIC Loop diuretic        AC:  N=61 trt=16 OR 0.44 (0.08-2.36) P=0.342 [bal 0.300]
  eICU No loop diuretic     OW:  N=3595 trt=468 OR 0.87 (0.60-1.24) P=0.434 [bal 0.045]
  eICU No loop diuretic     AC:  N=755 trt=224 OR 0.90 (0.57-1.41) P=0.642 [bal 0.073]
  MIMIC No loop diuretic     OW:  N=1064 trt=216 OR 1.20 (0.84-1.72) P=0.328 [bal 0.061]
  MIMIC No loop diuretic     AC:  N=315 trt=106 OR 0.99 (0.57-1.71) P=0.965 [bal 0.049]
  eICU eGFR <60             OW:  N=1457 trt=178 OR 0.97 (0.60-1.56) P=0.895 [bal 0.094]
  eICU eGFR <60             AC:  N=315 trt=83 OR 0.99 (0.55-1.76) P=0.960 [bal 0.194]
  MIMIC eGFR <60             OW:  N=613 trt=85 OR 1.55 (0.95-2.54) P=0.080 [bal 0.110]
  MIMIC eGFR <60             AC:  N=140 trt=46 OR 1.58 (0.73-3.42) P=0.251 [bal 0.120]
  eICU eGFR >=60            OW:  N=3175 trt=428 OR 0.82 (0.60-1.12) P=0.212 [bal 0.052]
  eICU eGFR >=60            AC:  N=736 trt=207 OR 0.69 (0.41-1.16) P=0.165 [bal 0.084]
  MIMIC eGFR >=60            OW:  N=798 trt=170 OR 0.78 (0.49-1.23) P=0.285 [bal 0.064]
  MIMIC eGFR >=60            AC:  N=236 trt=76 OR 0.55 (0.26-1.15) P=0.111 [bal 0.070]

✓ Saved etables_4_5_subgroups.csv (62 rows)

============================================================
eTABLE 6: Safety Outcomes
============================================================

  eICU (N=4632):
    icu_los_h            diff -2.74 (-12.58 to 7.10) P=0.585
      Trt: median 46.5, Ctrl: median 47.7
    post_hr_6h           diff -1.07 (-2.46 to 0.33) P=0.135
      Trt: median 80.0, Ctrl: median 81.0
    Max post-Mg:       Trt median 2.23 (max 8.60), Ctrl median 2.30 (max 7.20)
      >4.8: Trt 2/541 (0.4%), Ctrl 5/3427 (0.1%)
    has_iabp             OR 1.86 (1.09-3.17) P=0.023 [events=167]

  MIMIC (N=1411):
    icu_los_h            diff -1.89 (-15.72 to 11.94) P=0.789
      Trt: median 45.5, Ctrl: median 49.3
    vent_duration_h      diff -8.57 (-26.99 to 9.84) P=0.362
      Trt: median 11.7, Ctrl: median 14.6
    post_hr_6h           diff 1.05 (-1.07 to 3.16) P=0.332
      Trt: median 78.0, Ctrl: median 79.0
    Max post-Mg:       Trt median 2.40 (max 7.40), Ctrl median 2.50 (max 9.80)
      >4.8: Trt 1/252 (0.4%), Ctrl 11/1134 (1.0%)
    has_ecmo             OR 1.16 (0.24-5.53) P=0.850 [events=12]

✓ Saved etable6_safety.csv

============================================================
SUMMARY
============================================================
  All subgroup analyses use full-sample OW weights (downstream).
  Balance checked within each subgroup (max_smd column).

  Files:
    etables_4_5_subgroups.csv — surgery, MDS, age, baseline Mg, PPI/diuretic/eGFR
    etable6_safety.csv — ICU LOS, vent, HR, max Mg, IABP/ECMO

  Key predictions:
    Mg <2.0 effect > Mg >=2.0 → 'repletion benefits the depleted'
    Age >=60 effect > Age <60 → age-related Mg depletion
    MDS >=2 effect > MDS 0-1 → composite risk guides therapy
    Safety null across the board → 'no harm at these doses'

subgroup_analysis.R COMPLETE

──── Step 5: Tables ────
TABLE 1: Baseline Characteristics
  Saved: 05_table1.csv

  eICU:
                                                       Variable
n                                                             n
age_num (mean (SD))                         age_num (mean (SD))
is_female = 1 (%)                             is_female = 1 (%)
bmi (mean (SD))                                 bmi (mean (SD))
surgery_type (%)                               surgery_type (%)
   cabg                                                    cabg
   combined                                            combined
   other_cardiac                                  other_cardiac
   unknown                                              unknown
   valve                                                  valve
hx_chf = 1 (%)                                   hx_chf = 1 (%)
hx_hypertension = 1 (%)                 hx_hypertension = 1 (%)
hx_diabetes = 1 (%)                         hx_diabetes = 1 (%)
hx_ckd = 1 (%)                                   hx_ckd = 1 (%)
hx_copd = 1 (%)                                 hx_copd = 1 (%)
hx_pvd = 1 (%)                                   hx_pvd = 1 (%)
hx_stroke = 1 (%)                             hx_stroke = 1 (%)
hx_liver = 1 (%)                               hx_liver = 1 (%)
baseline_cr (mean (SD))                 baseline_cr (mean (SD))
baseline_egfr (mean (SD))             baseline_egfr (mean (SD))
nephrotox_loop_diuretic = 1 (%) nephrotox_loop_diuretic = 1 (%)
nephrotox_nsaid = 1 (%)                 nephrotox_nsaid = 1 (%)
nephrotox_acei_arb = 1 (%)           nephrotox_acei_arb = 1 (%)
nephrotox_ppi = 1 (%)                     nephrotox_ppi = 1 (%)
has_betablocker = 1 (%)                 has_betablocker = 1 (%)
has_steroid = 1 (%)                         has_steroid = 1 (%)
preop_antiarrhythmic = 1 (%)       preop_antiarrhythmic = 1 (%)
has_vasopressor = 1 (%)                 has_vasopressor = 1 (%)
first_mg_value (mean (SD))           first_mg_value (mean (SD))
first_k_value (mean (SD))             first_k_value (mean (SD))
first_ca_value (mean (SD))           first_ca_value (mean (SD))
first_hr (mean (SD))                       first_hr (mean (SD))
aki_kdigo1 = 1 (%)                           aki_kdigo1 = 1 (%)
hosp_mortality = 1 (%)                   hosp_mortality = 1 (%)
                                Mg Supplementation No Supplementation    SMD
n                                              606               4026       
age_num (mean (SD))                  65.72 (14.85)      65.07 (14.60)  0.045
is_female = 1 (%)                      248 (40.9)        1424 (35.4)   0.115
bmi (mean (SD))                       29.12 (7.41)       29.24 (7.07)  0.016
surgery_type (%)                                                       0.215
   cabg                                156 (25.7)        1227 (30.5)        
   combined                             20 ( 3.3)         211 ( 5.2)        
   other_cardiac                       357 (58.9)        1964 (48.8)        
   unknown                               0 ( 0.0)           3 ( 0.1)        
   valve                                73 (12.0)         621 (15.4)        
hx_chf = 1 (%)                         108 (17.8)         642 (15.9)   0.050
hx_hypertension = 1 (%)                333 (55.0)        2291 (56.9)   0.039
hx_diabetes = 1 (%)                    198 (32.7)        1299 (32.3)   0.009
hx_ckd = 1 (%)                          46 ( 7.6)         395 ( 9.8)   0.079
hx_copd = 1 (%)                         71 (11.7)         454 (11.3)   0.014
hx_pvd = 1 (%)                          33 ( 5.4)         187 ( 4.6)   0.037
hx_stroke = 1 (%)                       70 (11.6)         407 (10.1)   0.046
hx_liver = 1 (%)                        11 ( 1.8)          60 ( 1.5)   0.025
baseline_cr (mean (SD))                1.13 (0.57)        1.15 (0.54)  0.032
baseline_egfr (mean (SD))            73.76 (26.17)      73.32 (26.28)  0.017
nephrotox_loop_diuretic = 1 (%)        138 (22.8)         899 (22.3)   0.011
nephrotox_nsaid = 1 (%)                 11 ( 1.8)          93 ( 2.3)   0.035
nephrotox_acei_arb = 1 (%)              77 (12.7)         532 (13.2)   0.015
nephrotox_ppi = 1 (%)                  121 (20.0)         620 (15.4)   0.120
has_betablocker = 1 (%)                272 (44.9)        1364 (33.9)   0.227
has_steroid = 1 (%)                     67 (11.1)         327 ( 8.1)   0.100
preop_antiarrhythmic = 1 (%)             4 ( 0.7)          46 ( 1.1)   0.051
has_vasopressor = 1 (%)                214 (35.3)        1094 (27.2)   0.176
first_mg_value (mean (SD))             1.86 (0.42)        2.21 (0.58)  0.698
first_k_value (mean (SD))              3.97 (0.62)        4.09 (0.62)  0.190
first_ca_value (mean (SD))             7.68 (1.51)        7.74 (1.48)  0.040
first_hr (mean (SD))                 86.28 (20.06)      85.89 (18.93)  0.020
aki_kdigo1 = 1 (%)                      98 (16.2)         833 (20.7)   0.117
hosp_mortality = 1 (%)                  45 ( 7.4)         273 ( 6.8)   0.025

  MIMIC:
                                                       Variable
n                                                             n
age_num (mean (SD))                         age_num (mean (SD))
is_female = 1 (%)                             is_female = 1 (%)
bmi (mean (SD))                                 bmi (mean (SD))
surgery_type (%)                               surgery_type (%)
   cabg                                                    cabg
   combined                                            combined
   other_cardiac                                  other_cardiac
   valve                                                  valve
hx_chf = 1 (%)                                   hx_chf = 1 (%)
hx_hypertension = 1 (%)                 hx_hypertension = 1 (%)
hx_diabetes = 1 (%)                         hx_diabetes = 1 (%)
hx_ckd = 1 (%)                                   hx_ckd = 1 (%)
hx_copd = 1 (%)                                 hx_copd = 1 (%)
hx_pvd = 1 (%)                                   hx_pvd = 1 (%)
hx_stroke = 1 (%)                             hx_stroke = 1 (%)
hx_liver = 1 (%)                               hx_liver = 1 (%)
baseline_cr (mean (SD))                 baseline_cr (mean (SD))
baseline_egfr (mean (SD))             baseline_egfr (mean (SD))
nephrotox_loop_diuretic = 1 (%) nephrotox_loop_diuretic = 1 (%)
nephrotox_nsaid = 1 (%)                 nephrotox_nsaid = 1 (%)
nephrotox_acei_arb = 1 (%)           nephrotox_acei_arb = 1 (%)
nephrotox_ppi = 1 (%)                     nephrotox_ppi = 1 (%)
has_betablocker = 1 (%)                 has_betablocker = 1 (%)
has_steroid = 1 (%)                         has_steroid = 1 (%)
preop_antiarrhythmic = 1 (%)       preop_antiarrhythmic = 1 (%)
has_vasopressor = 1 (%)                 has_vasopressor = 1 (%)
first_mg_value (mean (SD))           first_mg_value (mean (SD))
first_k_value (mean (SD))             first_k_value (mean (SD))
first_ca_value (mean (SD))           first_ca_value (mean (SD))
first_hr (mean (SD))                       first_hr (mean (SD))
aki_kdigo1 = 1 (%)                           aki_kdigo1 = 1 (%)
hosp_mortality = 1 (%)                   hosp_mortality = 1 (%)
                                Mg Supplementation No Supplementation    SMD
n                                              255               1156       
age_num (mean (SD))                  71.64 (13.22)      68.88 (14.49)  0.199
is_female = 1 (%)                      120 (47.1)         474 (41.0)   0.122
bmi (mean (SD))                       27.34 (5.91)       28.02 (6.25)  0.112
surgery_type (%)                                                       0.155
   cabg                                 44 (17.3)         235 (20.3)        
   combined                              5 ( 2.0)          41 ( 3.5)        
   other_cardiac                       143 (56.1)         648 (56.1)        
   valve                                63 (24.7)         232 (20.1)        
hx_chf = 1 (%)                         104 (40.8)         561 (48.5)   0.156
hx_hypertension = 1 (%)                192 (75.3)         885 (76.6)   0.030
hx_diabetes = 1 (%)                     85 (33.3)         434 (37.5)   0.088
hx_ckd = 1 (%)                          52 (20.4)         370 (32.0)   0.266
hx_copd = 1 (%)                         47 (18.4)         209 (18.1)   0.009
hx_pvd = 1 (%)                          26 (10.2)          90 ( 7.8)   0.084
hx_stroke = 1 (%)                        9 ( 3.5)          58 ( 5.0)   0.074
hx_liver = 1 (%)                        12 ( 4.7)          61 ( 5.3)   0.026
baseline_cr (mean (SD))                1.09 (0.54)        1.30 (0.66)  0.359
baseline_egfr (mean (SD))            72.49 (25.98)      64.94 (28.25)  0.278
nephrotox_loop_diuretic = 1 (%)         39 (15.3)         308 (26.6)   0.282
nephrotox_nsaid = 1 (%)                  9 ( 3.5)          16 ( 1.4)   0.139
nephrotox_acei_arb = 1 (%)              20 ( 7.8)         109 ( 9.4)   0.056
nephrotox_ppi = 1 (%)                   63 (24.7)         288 (24.9)   0.005
has_betablocker = 1 (%)                117 (45.9)         484 (41.9)   0.081
has_steroid = 1 (%)                     16 ( 6.3)         127 (11.0)   0.168
preop_antiarrhythmic = 1 (%)            20 ( 7.8)          90 ( 7.8)   0.002
has_vasopressor = 1 (%)                 93 (36.5)         345 (29.8)   0.141
first_mg_value (mean (SD))             1.95 (0.66)        2.20 (0.61)  0.404
first_k_value (mean (SD))              3.97 (0.57)        4.22 (0.66)  0.411
first_ca_value (mean (SD))             8.26 (0.72)        8.52 (0.76)  0.359
first_hr (mean (SD))                 83.67 (19.16)      85.69 (21.25)  0.100
aki_kdigo1 = 1 (%)                      67 (26.3)         341 (29.5)   0.072
hosp_mortality = 1 (%)                  11 ( 4.3)          98 ( 8.5)   0.171


TABLE 2: Primary and Sensitivity Outcomes
Warning message:
In min(res$m, na.rm = TRUE) :
  no non-missing arguments to min; returning Inf
  Saved: 05_table2.csv

  Outcome                          eICU MIMIC Pooled I2
1 Primary: AC (Mg+K vs K-only, OW) —    —     —      — 
2 Sensitivity: IPTW                —    —     —      — 
3 Sensitivity: Overlap weighting   —    —     —      — 
4 Sensitivity: PS matching         —    —     —      — 
5 Hospital mortality (OW)          —    —     —      — 
6 Encephalopathy (OW)              —    —     —      — 
7 Fracture neg. control (OW)       —    —     —      — 

05_tables.R COMPLETE

──── Step 7: Sensitivity ────
Loading cohorts...
  eICU: N=4632  MIMIC: N=1411

=================================================================
A. E-VALUE SENSITIVITY ANALYSIS
=================================================================
  Prevalence: eICU all=0.207, MIMIC all=0.295
  Prevalence: eICU AC=0.212, MIMIC AC=0.291
  Primary: AC AKI           OR=0.832 (0.612-1.132)  E=1.69 (CI limit 1.52)
  Sensitivity: IPTW AKI     OR=0.915 (0.737-1.137)  E=1.41 (CI limit 1.53)
  Sensitivity: OW AKI       OR=0.953 (0.773-1.174)  E=1.28 (CI limit 1.63)
  Exploratory: Enceph       OR=0.566 (0.283-1.132)  E=2.93 (CI limit 1.52)
  Control: Fracture         OR=0.710 (0.387-1.301)  E=2.17 (CI limit 1.93)
  Mg >2.3 OW                OR=0.553 (0.326-0.937)  E=3.02 (CI limit 1.34)
  Mg >2.3 AC                OR=0.498 (0.242-1.027)  E=3.43 (CI limit 1.19)
  Saved: 07_evalues.csv

=================================================================
B. PROGNOSTIC Mg→AKI ASSOCIATION
=================================================================

  eICU (N=4632)
    KDIGO stage >=1           OR 1.552 (1.336-1.802) P=0.0000 *
    Cr ratio >=1.5x           OR 1.562 (1.317-1.853) P=0.0000 *
    Delta Cr >=0.3/48h        OR 1.589 (1.356-1.861) P=0.0000 *
    KDIGO stage >=2           OR 1.297 (0.996-1.691) P=0.0540
    KDIGO stage >=3           OR 1.342 (0.958-1.880) P=0.0870
    Simple                    OR 1.446 (1.202-1.739) P=0.0001
    Complex                   OR 1.941 (1.476-2.553) P=0.0000

  MIMIC (N=1411)
    KDIGO stage >=1           OR 1.127 (0.895-1.418) P=0.3091
    Cr ratio >=1.5x           OR 1.130 (0.878-1.455) P=0.3423
    Delta Cr >=0.3/48h        OR 1.180 (0.919-1.514) P=0.1948
    KDIGO stage >=2           OR 1.053 (0.748-1.482) P=0.7669
    KDIGO stage >=3           OR 1.140 (0.653-1.991) P=0.6439
    Simple                    OR 1.033 (0.763-1.399) P=0.8323
    Complex                   OR 1.307 (0.833-2.049) P=0.2437
  Saved: 07b_prognostic.csv (14 rows)

=================================================================
C. MICE STABILITY (m=10, 20)
=================================================================
  eICU m=10...
    ow_aki1      OR=0.876 (0.668-1.149) P=0.3390
    iptw_aki1    OR=0.787 (0.599-1.033) P=0.0845
    ac_aki1      OR=0.805 (0.551-1.177) P=0.2631
  MIMIC m=10...
    ow_aki1      OR=1.087 (0.784-1.506) P=0.6178
    iptw_aki1    OR=1.178 (0.827-1.679) P=0.3647
    ac_aki1      OR=0.920 (0.546-1.550) P=0.7539
  eICU m=20...
    ow_aki1      OR=0.876 (0.668-1.149) P=0.3390
    iptw_aki1    OR=0.787 (0.599-1.033) P=0.0845
    ac_aki1      OR=0.805 (0.551-1.177) P=0.2631
  MIMIC m=20...
    ow_aki1      OR=1.087 (0.784-1.506) P=0.6178
    iptw_aki1    OR=1.178 (0.827-1.679) P=0.3647
    ac_aki1      OR=0.920 (0.546-1.550) P=0.7539
  Saved: 07c_mice_stability.csv (18 rows)

=================================================================
D. AC BASELINE CHARACTERISTICS (eTable 3)
=================================================================
  eICU AC: N=1051 (Mg+K=290, K-only=761)

                                 Stratified by trt_label
                                  K-only        Mg+K          SMD   
  n                                 761           290               
  age (mean (SD))                 64.13 (14.16) 66.81 (14.85)  0.185
  is_female = 1 (%)                 271 (35.6)    120 (41.4)   0.119
  bmi (mean (SD))                 29.74 (7.08)  29.37 (6.70)   0.055
  surgery_type (%)                                             0.134
     cabg                           274 (36.0)    106 (36.6)        
     combined                        56 ( 7.4)     13 ( 4.5)        
     other_cardiac                  301 (39.6)    119 (41.0)        
     unknown                          1 ( 0.1)      0 ( 0.0)        
     valve                          129 (17.0)     52 (17.9)        
  heart_failure = 1 (%)             121 (15.9)     49 (16.9)   0.027
  hypertension = 1 (%)              436 (57.3)    170 (58.6)   0.027
  diabetes = 1 (%)                  250 (32.9)    106 (36.6)   0.078
  ckd = 1 (%)                        75 ( 9.9)     21 ( 7.2)   0.094
  copd = 1 (%)                       71 ( 9.3)     23 ( 7.9)   0.050
  pvd = 1 (%)                        30 ( 3.9)     15 ( 5.2)   0.059
  stroke = 1 (%)                     67 ( 8.8)     33 (11.4)   0.086
  liver_disease = 1 (%)               5 ( 0.7)      1 ( 0.3)   0.044
  baseline_creatinine (mean (SD))  1.13 (0.47)   1.10 (0.48)   0.062
  egfr (mean (SD))                73.65 (24.75) 73.59 (23.97)  0.002
  loop_diuretics = 1 (%)            230 (30.2)     66 (22.8)   0.170
  nsaids = 1 (%)                     19 ( 2.5)      6 ( 2.1)   0.029
  acei_arb = 1 (%)                  104 (13.7)     36 (12.4)   0.037
  ppi = 1 (%)                       181 (23.8)     62 (21.4)   0.058
  beta_blockers = 1 (%)             376 (49.4)    142 (49.0)   0.009
  steroids = 1 (%)                   96 (12.6)     30 (10.3)   0.071
  antiarrhythmics = 1 (%)             7 ( 0.9)      4 ( 1.4)   0.043
  vasopressor_6h = 1 (%)            257 (33.8)    118 (40.7)   0.143
  first_mg_value (mean (SD))       2.21 (0.52)   1.99 (0.46)   0.443
  first_potassium (mean (SD))      3.93 (0.61)   3.84 (0.54)   0.146
  first_calcium (mean (SD))        7.39 (1.64)   7.72 (1.45)   0.216
  first_heartrate (mean (SD))     86.39 (18.23) 84.75 (18.41)  0.089
  aki_kdigo1 = 1 (%)                161 (21.2)     45 (15.5)   0.146
  hospital_mortality = 1 (%)         47 ( 6.2)     18 ( 6.2)   0.001
                                 Stratified by trt_label
                                  K-only          Mg+K            SMD     
  n                               "  761"         "  290"         ""      
  age (mean (SD))                 "64.13 (14.16)" "66.81 (14.85)" " 0.185"
  is_female = 1 (%)               "  271 (35.6) " "  120 (41.4) " " 0.119"
  bmi (mean (SD))                 "29.74 (7.08)"  "29.37 (6.70)"  " 0.055"
  surgery_type (%)                "  "            "  "            " 0.134"
     cabg                         "  274 (36.0) " "  106 (36.6) " ""      
     combined                     "   56 ( 7.4) " "   13 ( 4.5) " ""      
     other_cardiac                "  301 (39.6) " "  119 (41.0) " ""      
     unknown                      "    1 ( 0.1) " "    0 ( 0.0) " ""      
     valve                        "  129 (17.0) " "   52 (17.9) " ""      
  heart_failure = 1 (%)           "  121 (15.9) " "   49 (16.9) " " 0.027"
  hypertension = 1 (%)            "  436 (57.3) " "  170 (58.6) " " 0.027"
  diabetes = 1 (%)                "  250 (32.9) " "  106 (36.6) " " 0.078"
  ckd = 1 (%)                     "   75 ( 9.9) " "   21 ( 7.2) " " 0.094"
  copd = 1 (%)                    "   71 ( 9.3) " "   23 ( 7.9) " " 0.050"
  pvd = 1 (%)                     "   30 ( 3.9) " "   15 ( 5.2) " " 0.059"
  stroke = 1 (%)                  "   67 ( 8.8) " "   33 (11.4) " " 0.086"
  liver_disease = 1 (%)           "    5 ( 0.7) " "    1 ( 0.3) " " 0.044"
  baseline_creatinine (mean (SD)) " 1.13 (0.47)"  " 1.10 (0.48)"  " 0.062"
  egfr (mean (SD))                "73.65 (24.75)" "73.59 (23.97)" " 0.002"
  loop_diuretics = 1 (%)          "  230 (30.2) " "   66 (22.8) " " 0.170"
  nsaids = 1 (%)                  "   19 ( 2.5) " "    6 ( 2.1) " " 0.029"
  acei_arb = 1 (%)                "  104 (13.7) " "   36 (12.4) " " 0.037"
  ppi = 1 (%)                     "  181 (23.8) " "   62 (21.4) " " 0.058"
  beta_blockers = 1 (%)           "  376 (49.4) " "  142 (49.0) " " 0.009"
  steroids = 1 (%)                "   96 (12.6) " "   30 (10.3) " " 0.071"
  antiarrhythmics = 1 (%)         "    7 ( 0.9) " "    4 ( 1.4) " " 0.043"
  vasopressor_6h = 1 (%)          "  257 (33.8) " "  118 (40.7) " " 0.143"
  first_mg_value (mean (SD))      " 2.21 (0.52)"  " 1.99 (0.46)"  " 0.443"
  first_potassium (mean (SD))     " 3.93 (0.61)"  " 3.84 (0.54)"  " 0.146"
  first_calcium (mean (SD))       " 7.39 (1.64)"  " 7.72 (1.45)"  " 0.216"
  first_heartrate (mean (SD))     "86.39 (18.23)" "84.75 (18.41)" " 0.089"
  aki_kdigo1 = 1 (%)              "  161 (21.2) " "   45 (15.5) " " 0.146"
  hospital_mortality = 1 (%)      "   47 ( 6.2) " "   18 ( 6.2) " " 0.001"
  MIMIC-IV AC: N=376 (Mg+K=122, K-only=254)

                                 Stratified by trt_label
                                  K-only        Mg+K          SMD   
  n                                 254           122               
  age (mean (SD))                 68.92 (14.51) 72.99 (12.99)  0.296
  is_female = 1 (%)                 109 (42.9)     59 (48.4)   0.110
  bmi (mean (SD))                 27.54 (5.47)  26.58 (4.64)   0.189
  surgery_type (%)                                             0.091
     cabg                            55 (21.7)     22 (18.0)        
     combined                         6 ( 2.4)      3 ( 2.5)        
     other_cardiac                  139 (54.7)     70 (57.4)        
     valve                           54 (21.3)     27 (22.1)        
  heart_failure = 1 (%)             108 (42.5)     53 (43.4)   0.019
  hypertension = 1 (%)              187 (73.6)     92 (75.4)   0.041
  diabetes = 1 (%)                   78 (30.7)     35 (28.7)   0.044
  ckd = 1 (%)                        61 (24.0)     26 (21.3)   0.065
  copd = 1 (%)                       40 (15.7)     23 (18.9)   0.082
  pvd = 1 (%)                        22 ( 8.7)     17 (13.9)   0.167
  stroke = 1 (%)                     14 ( 5.5)      3 ( 2.5)   0.157
  liver_disease = 1 (%)              13 ( 5.1)      6 ( 4.9)   0.009
  baseline_creatinine (mean (SD))  1.15 (0.53)   1.11 (0.56)   0.075
  egfr (mean (SD))                70.07 (26.92) 70.67 (27.48)  0.022
  loop_diuretics = 1 (%)             45 (17.7)     16 (13.1)   0.128
  nsaids = 1 (%)                      3 ( 1.2)      4 ( 3.3)   0.142
  acei_arb = 1 (%)                   21 ( 8.3)     10 ( 8.2)   0.003
  ppi = 1 (%)                        70 (27.6)     34 (27.9)   0.007
  beta_blockers = 1 (%)             100 (39.4)     59 (48.4)   0.182
  steroids = 1 (%)                   21 ( 8.3)      6 ( 4.9)   0.135
  antiarrhythmics = 1 (%)            23 ( 9.1)     11 ( 9.0)   0.001
  vasopressor_6h = 1 (%)            140 (55.1)     64 (52.5)   0.053
  first_mg_value (mean (SD))       2.36 (0.72)   2.14 (0.81)   0.289
  first_potassium (mean (SD))      3.98 (0.62)   3.82 (0.46)   0.298
  first_calcium (mean (SD))        8.28 (0.77)   8.13 (0.63)   0.216
  first_heartrate (mean (SD))     84.31 (15.88) 81.59 (11.86)  0.194
  aki_kdigo1 = 1 (%)                 74 (29.1)     31 (25.4)   0.084
  hospital_mortality = 1 (%)         16 ( 6.3)      6 ( 4.9)   0.060
                                 Stratified by trt_label
                                  K-only          Mg+K            SMD     
  n                               "  254"         "  122"         ""      
  age (mean (SD))                 "68.92 (14.51)" "72.99 (12.99)" " 0.296"
  is_female = 1 (%)               "  109 (42.9) " "   59 (48.4) " " 0.110"
  bmi (mean (SD))                 "27.54 (5.47)"  "26.58 (4.64)"  " 0.189"
  surgery_type (%)                "  "            "   "           " 0.091"
     cabg                         "   55 (21.7) " "   22 (18.0) " ""      
     combined                     "    6 ( 2.4) " "    3 ( 2.5) " ""      
     other_cardiac                "  139 (54.7) " "   70 (57.4) " ""      
     valve                        "   54 (21.3) " "   27 (22.1) " ""      
  heart_failure = 1 (%)           "  108 (42.5) " "   53 (43.4) " " 0.019"
  hypertension = 1 (%)            "  187 (73.6) " "   92 (75.4) " " 0.041"
  diabetes = 1 (%)                "   78 (30.7) " "   35 (28.7) " " 0.044"
  ckd = 1 (%)                     "   61 (24.0) " "   26 (21.3) " " 0.065"
  copd = 1 (%)                    "   40 (15.7) " "   23 (18.9) " " 0.082"
  pvd = 1 (%)                     "   22 ( 8.7) " "   17 (13.9) " " 0.167"
  stroke = 1 (%)                  "   14 ( 5.5) " "    3 ( 2.5) " " 0.157"
  liver_disease = 1 (%)           "   13 ( 5.1) " "    6 ( 4.9) " " 0.009"
  baseline_creatinine (mean (SD)) " 1.15 (0.53)"  " 1.11 (0.56)"  " 0.075"
  egfr (mean (SD))                "70.07 (26.92)" "70.67 (27.48)" " 0.022"
  loop_diuretics = 1 (%)          "   45 (17.7) " "   16 (13.1) " " 0.128"
  nsaids = 1 (%)                  "    3 ( 1.2) " "    4 ( 3.3) " " 0.142"
  acei_arb = 1 (%)                "   21 ( 8.3) " "   10 ( 8.2) " " 0.003"
  ppi = 1 (%)                     "   70 (27.6) " "   34 (27.9) " " 0.007"
  beta_blockers = 1 (%)           "  100 (39.4) " "   59 (48.4) " " 0.182"
  steroids = 1 (%)                "   21 ( 8.3) " "    6 ( 4.9) " " 0.135"
  antiarrhythmics = 1 (%)         "   23 ( 9.1) " "   11 ( 9.0) " " 0.001"
  vasopressor_6h = 1 (%)          "  140 (55.1) " "   64 (52.5) " " 0.053"
  first_mg_value (mean (SD))      " 2.36 (0.72)"  " 2.14 (0.81)"  " 0.289"
  first_potassium (mean (SD))     " 3.98 (0.62)"  " 3.82 (0.46)"  " 0.298"
  first_calcium (mean (SD))       " 8.28 (0.77)"  " 8.13 (0.63)"  " 0.216"
  first_heartrate (mean (SD))     "84.31 (15.88)" "81.59 (11.86)" " 0.194"
  aki_kdigo1 = 1 (%)              "   74 (29.1) " "   31 (25.4) " " 0.084"
  hospital_mortality = 1 (%)      "   16 ( 6.3) " "    6 ( 4.9) " " 0.060"
  Saved: 07d_ac_table1.csv

=================================================================
07_sensitivity.R COMPLETE
=================================================================

──── Step 8: Stratified + RE ────
Loading cohorts...
  eICU: N=4632  MIMIC: N=1411

=================================================================
A. SERUM-MG-STRATIFIED ANALYSIS
=================================================================

  eICU (N=4632, trt=606)
    <1.8       N= 1036 trt= 266 (25.7%) AKI=15.5%
    1.8-2.0    N=  781 trt= 162 (20.7%) AKI=17.0%
    2.0-2.3    N= 1076 trt=  83 (7.7%) AKI=19.2%
    >2.3       N= 1739 trt=  95 (5.5%) AKI=24.7%
    <1.8       OW:  OR 1.008 (0.599-1.698) P=0.9754
    <1.8       AC:  OR 1.362 (0.616-3.014) P=0.4457
    1.8-2.0    OW:  OR 0.911 (0.622-1.333) P=0.6310
    1.8-2.0    AC:  OR 0.809 (0.333-1.965) P=0.6392
    2.0-2.3    OW:  OR 0.964 (0.566-1.643) P=0.8927
    2.0-2.3    AC:  OR 0.957 (0.402-2.281) P=0.9210
    >2.3       OW:  OR 0.553 (0.326-0.937) P=0.0278 *
    >2.3       AC:  OR 0.498 (0.242-1.027) P=0.0591
    Interaction: OR 0.477 P=0.0066
    Cochran Q=3.30 P=0.3471 I²=9%

  MIMIC (N=1411, trt=255)
    <1.8       N=  323 trt= 121 (37.5%) AKI=28.5%
    1.8-2.0    N=  323 trt=  72 (22.3%) AKI=22.6%
    2.0-2.3    N=  359 trt=  11 (3.1%) AKI=29.8%
    >2.3       N=  406 trt=  51 (12.6%) AKI=33.5%
    <1.8       OW:  OR 1.141 (0.663-1.964) P=0.6327
    <1.8       AC:  OR 1.267 (0.399-4.021) P=0.6877
    1.8-2.0    OW:  OR 1.038 (0.530-2.030) P=0.9143
    1.8-2.0    AC:  OR 0.565 (0.152-2.106) P=0.3953
    2.0-2.3    SKIP
    >2.3       OW:  OR 1.137 (0.556-2.325) P=0.7254
    >2.3       AC:  OR 0.749 (0.280-2.001) P=0.5641
    Interaction: OR 0.969 P=0.8985
    Cochran Q=0.05 P=0.9737 I²=0%
  Saved: 08_mg_stratified.csv (16 rows)

=================================================================
B. HOSPITAL RANDOM EFFECTS (eICU)
=================================================================
  N=4632, hospitals=71
  ICC: 0.069 (6.9% between hospitals)
  Hospital correlation (supp rate vs AKI): r=-0.213 P=0.1514

  ── Overall (N=4631, trt=605, hosp=70) ──
    Fixed:       OR 0.807 (0.630-1.033) P=0.0892
    Hospital RE: OR 0.807 (0.624-1.043) P=0.1006  ICC=0.067
    Delta: -0.1%

  ── <1.8 (N=1032, trt=265, hosp=47) ──
    Fixed:       OR 1.024 (0.611-1.715) P=0.9292
    Hospital RE: OR 0.962 (0.615-1.505) P=0.8650  ICC=0.049
    Delta: -6.0%

  ── 2.0-2.3 (N=1071, trt=83, hosp=59) ──
    Fixed:       OR 0.932 (0.536-1.622) P=0.8032
    Hospital RE: OR 0.950 (0.513-1.757) P=0.8695  ICC=0.025
    Delta: +1.9%

  ── >2.3 (N=1734, trt=94, hosp=65) ──
    Fixed:       OR 0.526 (0.319-0.866) P=0.0116
    Hospital RE: OR 0.509 (0.273-0.947) P=0.0331 *  ICC=0.045
    Delta: -3.2%

  ── Narrow sub-bands within >2.3 (Firth, 3 covariates) ──
    2.3-2.6    N= 726 trt= 52(10 events) ctrl= 674(144 events) Firth OR 0.948 (0.445-1.856) P=0.8817
    2.6-3.0    N= 603 trt= 31(3 events) ctrl= 572(140 events) Firth OR 0.403 (0.107-1.114) P=0.0833
    >3.0       N= 410 trt= 12(2 events) ctrl= 398(131 events) Firth OR 0.485 (0.092-1.714) P=0.2796

  ── Within-hospital meta (>2.3) ──
    Hospitals with >=5 per arm: 6
    Pooled: OR 0.407 (0.134-1.242) P=0.1144 I²=0%
  Saved: 08b_hospital_re.csv (12 rows)
Warning messages:
1: glm.fit: algorithm did not converge 
2: glm.fit: fitted probabilities numerically 0 or 1 occurred 
3: glm.fit: algorithm did not converge 
4: glm.fit: fitted probabilities numerically 0 or 1 occurred 

=================================================================
08_stratified.R COMPLETE
=================================================================

──── Step 9: Robustness ────
Loading cohorts...

=================================================================
E. LACTATE SENSITIVITY ANALYSIS
=================================================================
  eICU with_lactate:
    OW:   OR 0.876 (0.668-1.149) P=0.3390
    IPTW: OR 0.787 (0.599-1.033) P=0.0845
    AC:   OR 0.805 (0.551-1.177) P=0.2631
  eICU without_lactate:
    OW:   OR 0.870 (0.663-1.140) P=0.3115
    IPTW: OR 0.782 (0.595-1.027) P=0.0770
    AC:   OR 0.809 (0.554-1.182) P=0.2733
    ow_aki1 |ΔOR| = 0.006
    iptw_aki1 |ΔOR| = 0.005
    ac_aki1 |ΔOR| = 0.004
  MIMIC with_lactate:
    OW:   OR 1.087 (0.784-1.506) P=0.6178
    IPTW: OR 1.178 (0.827-1.679) P=0.3647
    AC:   OR 0.920 (0.546-1.550) P=0.7539
  MIMIC without_lactate:
    OW:   OR 1.056 (0.762-1.462) P=0.7437
    IPTW: OR 1.166 (0.816-1.667) P=0.3995
    AC:   OR 0.899 (0.536-1.508) P=0.6875
    ow_aki1 |ΔOR| = 0.031
    iptw_aki1 |ΔOR| = 0.012
    ac_aki1 |ΔOR| = 0.021

=================================================================
F. QUANTITATIVE BIAS ANALYSIS
=================================================================
  Assumptions:
    U = complex surgery (long CPB / cross-clamp)
    OR_UY = effect of complex surgery on AKI
    p0 = P(complex | untreated), p1 = p0 - delta
    Bias factor = (OR_UY*p1 + 1-p1) / (OR_UY*p0 + 1-p0)
    Adjusted OR = Observed OR / Bias factor

  ── AC primary (eICU) (observed OR = 0.795) ──
    Survives 36/36 scenarios (100%)
    Worst case: bias factor=0.824 → adjusted OR=0.965 (still protective)
  ── IPTW (eICU) (observed OR = 0.785) ──
    Survives 36/36 scenarios (100%)
    Worst case: bias factor=0.824 → adjusted OR=0.953 (still protective)
  ── Mg >2.3 OW (eICU) (observed OR = 0.553) ──
    Survives 36/36 scenarios (100%)
    Worst case: bias factor=0.912 → adjusted OR=0.607 (still protective)
  ── Mg >2.3 AC (eICU) (observed OR = 0.498) ──
    Survives 36/36 scenarios (100%)
    Worst case: bias factor=0.912 → adjusted OR=0.546 (still protective)
  ── 2.6-3.0 subband (observed OR = 0.350) ──
    Survives 36/36 scenarios (100%)
    Worst case: bias factor=0.912 → adjusted OR=0.384 (still protective)

-----------------------------------------------------------------
QBA SUMMARY: Does the estimate survive?
-----------------------------------------------------------------
  Scenario: OR_UY=2.0, p0=0.40, delta=0.10 (moderate assumptions)
  For stratified estimates, delta halved to 0.05

  AC primary (eICU)         OR 0.795 → 0.856 ✓ survives
  IPTW (eICU)               OR 0.785 → 0.845 ✓ survives
  Mg >2.3 OW (eICU)         OR 0.553 → 0.573 ✓ survives
  Mg >2.3 AC (eICU)         OR 0.498 → 0.516 ✓ survives
  2.6-3.0 subband           OR 0.350 → 0.363 ✓ survives

  Key insight: within the >2.3 stratum, complexity is held
  approximately constant by stratification, so the prevalence
  difference shrinks → bias factor approaches 1 → adjusted
  estimate stays protective.

=================================================================
09_robustness.R COMPLETE
=================================================================
  Saved: results/09_lactate_sensitivity.csv
  Saved: results/09_qba.csv

──── Step fig: Figures (Python) ────
=======================================================
Generating publication figures (v7)
=======================================================
Figure 1: Forest plot (AC + sensitivity + controls)
  Saved: figs/fig2_forest.pdf + .png
Figure 2: Mg-stratified forest (core finding)
  Saved: figs/fig_mg_stratified.pdf + .png
Figure 3: Subgroup forest (eICU AC)
  Saved: figs/fig3_subgroups.pdf + .png
eFigure 2: Surgery-type interaction (cardioplegia)
  Saved: figs/efig1_interaction.pdf + .png
eFigure spline: Treatment effect by baseline serum magnesium
  Saved: figs/efig_spline_interaction.pdf + .png

Done. Check figs/ directory.

✓ Done (14m39s)
-rw-r--r--. 1 g91p721 tempest-users  50K Jun 17 12:26 figs/efig1_interaction.pdf
-rw-r--r--. 1 g91p721 tempest-users  39K Jun 17 12:26 figs/efig_spline_interaction.pdf
-rw-r--r--. 1 g91p721 tempest-users  73K Jun 17 12:26 figs/fig2_forest.pdf
-rw-r--r--. 1 g91p721 tempest-users  50K Jun 17 12:26 figs/fig3_subgroups.pdf
-rw-r--r--. 1 g91p721 tempest-users  77K Jun 17 10:43 figs/fig_cr_kinetics.pdf
-rw-r--r--. 1 g91p721 tempest-users 149K Jun 16 22:08 figs/fig_km_panels.pdf
-rw-r--r--. 1 g91p721 tempest-users 104K Jun 16 22:08 figs/fig_love_plots.pdf
-rw-r--r--. 1 g91p721 tempest-users  58K Jun 17 12:26 figs/fig_mg_stratified.pdf
-rw-r--r--. 1 g91p721 tempest-users  238 Jun 17 11:53 results/00_consort.csv
-rw-r--r--. 1 g91p721 tempest-users 2.4M Jun 17 11:53 results/01_analysis_a_cohort.csv
-rw-r--r--. 1 g91p721 tempest-users 2.5M Jun 17 12:14 results/01_analysis_a_cohort_enriched.csv
-rw-r--r--. 1 g91p721 tempest-users 1.3K Jun 17 12:11 results/02_results.csv
-rw-r--r--. 1 g91p721 tempest-users 628K Jun 17 12:03 results/04_mimic_cohort.csv
-rw-r--r--. 1 g91p721 tempest-users 677K Jun 17 12:23 results/04_mimic_cohort_enriched.csv
-rw-r--r--. 1 g91p721 tempest-users 4.6K Jun 17 12:23 results/05_table1.csv
-rw-r--r--. 1 g91p721 tempest-users  399 Jun 17 12:23 results/05_table2.csv
-rw-r--r--. 1 g91p721 tempest-users  444 Jun 16 23:56 results/06_fig1_consort.csv
-rw-r--r--. 1 g91p721 tempest-users  828 Jun 17 12:23 results/07b_prognostic.csv
-rw-r--r--. 1 g91p721 tempest-users  853 Jun 17 12:23 results/07c_mice_stability.csv
-rw-r--r--. 1 g91p721 tempest-users 4.5K Jun 17 12:23 results/07d_ac_table1.csv
-rw-r--r--. 1 g91p721 tempest-users  464 Jun 17 12:23 results/07_evalues.csv
-rw-r--r--. 1 g91p721 tempest-users  802 Jun 17 12:26 results/08b_hospital_re.csv
-rw-r--r--. 1 g91p721 tempest-users 1.8K Jun 17 12:23 results/08_mg_stratified.csv
-rw-r--r--. 1 g91p721 tempest-users  907 Jun 17 12:26 results/09_lactate_sensitivity.csv
-rw-r--r--. 1 g91p721 tempest-users  13K Jun 17 12:26 results/09_qba.csv
-rw-r--r--. 1 g91p721 tempest-users   62 Jun 16 22:08 results/10_death_rates.csv
-rw-r--r--. 1 g91p721 tempest-users  554 Jun 17 12:23 results/etable6_safety.csv
-rw-r--r--. 1 g91p721 tempest-users 4.5K Jun 17 12:23 results/etables_4_5_subgroups.csv
-rw-r--r--. 1 g91p721 tempest-users  417 Jun 15 22:55 results/probe_achieved_mg.csv
-rw-r--r--. 1 g91p721 tempest-users  412 Jun 15 22:55 results/probe_apache_sensitivity.csv
-rw-r--r--. 1 g91p721 tempest-users 1.5K Jun 16 08:15 results/probe_ascertainment.csv
-rw-r--r--. 1 g91p721 tempest-users  225 Jun 15 22:55 results/probe_bmi_audit.csv
-rw-r--r--. 1 g91p721 tempest-users  591 Jun 15 22:55 results/probe_bmi_sensitivity.csv
-rw-r--r--. 1 g91p721 tempest-users  256 Jun 16 08:16 results/probe_cr_counts.csv
-rw-r--r--. 1 g91p721 tempest-users  808 Jun 16 08:15 results/probe_firth_subbands.csv
-rw-r--r--. 1 g91p721 tempest-users  239 Jun 16 08:15 results/probe_mimic_dose.csv
-rw-r--r--. 1 g91p721 tempest-users 7.5K Jun 16 17:48 results/probe_spline_interaction.csv
-rw-r--r--. 1 g91p721 tempest-users  108 Jun 16 10:40 results/probe_uo_diagnostics.csv
-rw-r--r--. 1 g91p721 tempest-users 1.9K Jun 15 22:55 results/probe_weighted_smds.csv
