Loading R/4.4.2-gfbf-2024a
  Loading requirement: GCCcore/13.3.0 zlib/1.3.1-GCCcore-13.3.0 binutils/2.42-GCCcore-13.3.0
    GCC/13.3.0 OpenBLAS/0.3.27-GCC-13.3.0 FlexiBLAS/3.4.4-GCC-13.3.0 FFTW/3.3.10-GCC-13.3.0
    gfbf/2024a bzip2/1.0.8-GCCcore-13.3.0 expat/2.6.2-GCCcore-13.3.0 libpng/1.6.43-GCCcore-13.3.0
    Brotli/1.1.0-GCCcore-13.3.0 freetype/2.13.2-GCCcore-13.3.0 ncurses/6.5-GCCcore-13.3.0
    libreadline/8.2-GCCcore-13.3.0 Tcl/8.6.14-GCCcore-13.3.0 SQLite/3.45.3-GCCcore-13.3.0
    util-linux/2.40-GCCcore-13.3.0 fontconfig/2.15.0-GCCcore-13.3.0
    xorg-macros/1.20.1-GCCcore-13.3.0 libpciaccess/0.18.1-GCCcore-13.3.0
    X11/20240607-GCCcore-13.3.0 gzip/1.13-GCCcore-13.3.0 XZ/5.4.5-GCCcore-13.3.0
    lz4/1.9.4-GCCcore-13.3.0 zstd/1.5.6-GCCcore-13.3.0 libdrm/2.4.122-GCCcore-13.3.0
    libglvnd/1.7.0-GCCcore-13.3.0 libunwind/1.8.1-GCCcore-13.3.0 libffi/3.4.5-GCCcore-13.3.0
    libxml2/2.12.7-GCCcore-13.3.0 OpenSSL/3 Python/3.12.3-GCCcore-13.3.0 GMP/6.3.0-GCCcore-13.3.0
    Z3/4.13.0-GCCcore-13.3.0 LLVM/18.1.8-GCCcore-13.3.0 Wayland/1.23.0-GCCcore-13.3.0
    Mesa/24.1.3-GCCcore-13.3.0 libGLU/9.0.3-GCCcore-13.3.0 pixman/0.43.4-GCCcore-13.3.0
    libiconv/1.17-GCCcore-13.3.0 gettext/0.22.5-GCCcore-13.3.0 PCRE2/10.43-GCCcore-13.3.0
    GLib/2.80.4-GCCcore-13.3.0 cairo/1.18.0-GCCcore-13.3.0 NASM/2.16.03-GCCcore-13.3.0
    libjpeg-turbo/3.0.1-GCCcore-13.3.0 jbigkit/2.1-GCCcore-13.3.0 libdeflate/1.20-GCCcore-13.3.0
    LibTIFF/4.6.0-GCCcore-13.3.0 Java/17.0.6 libgit2/1.8.1-GCCcore-13.3.0
    cURL/8.7.1-GCCcore-13.3.0 Tk/8.6.14-GCCcore-13.3.0 ICU/75.1-GCCcore-13.3.0
    HarfBuzz/9.0.0-GCCcore-13.3.0 FriBidi/1.0.15-GCCcore-13.3.0

──── Step 1/6: eICU ETL ────
======================================================================
Mg Reserve → Cardiac Surgery AKI  (eICU-CRD)
======================================================================
======================================================================
STEP 0: Loading eICU tables
======================================================================
  DATA_ROOT: /home/g91p721/mg_aki/eicu-crd-2.0
  patient: 200,859 rows
  lab: 39,132,531 rows
  medication: 7,301,853 rows
  infusionDrug: 4,803,719 rows
  diagnosis: 2,710,672 rows
  pastHistory: 1,149,180 rows
  treatment: 3,688,745 rows
  admissionDrug: 874,920 rows
  hospital: 208 rows
  apachePatientResult: 297,064 rows
  apacheApsVar: 171,177 rows
  apachePredVar: 171,177 rows
  intakeOutput: 12,030,289 rows

======================================================================
STEP 1: Cardiac Surgery Cohort
======================================================================
  Total ICU stays: 200,859
  Adults (≥18): 200,234
  Cardiac surgery (dx|unittype): 34,249
    by apacheadmissiondx: 9,386
    by unittype:          31,032
  First ICU stay per patient: 26,715
  Surgery types: {'other_cardiac': 17911, 'cabg': 4500, 'valve': 3106, 'combined': 986, 'unknown': 212}

======================================================================
STEP 2: Magnesium Exposure
======================================================================
  Mg measurements (cardiac patients): 107,408
  Patients with any Mg: 20,945
  Patients with Mg within 6h: 9,379
  Mg: median=2.1, IQR=[1.8, 2.5]
  Mg categories: {'normal': 3492, 'hyper': 3130, 'hypo': 2757}

======================================================================
STEP 3: Baseline Creatinine
======================================================================
  Cr measurements (eligible): 77,843
  PRIMARY baseline:
    Pre-ICU (lowest in [-12h, 0]): 3,594
    Fallback (first admission Cr, [-1h, 12h]): 5,056
    Total with baseline: 8,650
  EADON baseline (lowest in [-1h, 48h]): 9,296
  Excluded baseline Cr ≥ 4.0: 394
  Excluded ESKD (pastHistory): 100

======================================================================
STEP 4: AKI Phenotyping (temporally anchored)
======================================================================
  Washout (prevalent AKI at Mg time): 47
  Eligible after washout: 8,109
  AKI definitions:
    KDIGO Stage ≥1 (ratio|delta): 1797 (22.2%)
    Ratio ≥1.5× only:            1117 (13.8%)
    Delta ≥0.3 only:              1540 (19.0%)
    Stage ≥2 (ratio ≥2.0×):       425
    Stage ≥3 (ratio ≥3.0×):       230

======================================================================
STEP 5: Covariates
======================================================================
  eGFR: median=79.4, <60: 2283
    hx_chf: 1371
    hx_hypertension: 4680
    hx_diabetes: 2528
    hx_ckd: 745
    hx_copd: 985
    hx_pvd: 450
    hx_stroke: 827
    hx_liver: 114
    hx_afib: 994
  APACHE IV: median=55, available=7042
    nephrotox_ppi: 957
    nephrotox_nsaid: 144
    nephrotox_acei_arb: 796
    nephrotox_loop_diuretic: 1523
  Mg supplementation within 6h: 1128
  RRT within ICU stay: 152
  ICU mortality: 418
  Hospital mortality: 608

  Effect modifiers:
    β-blocker (admission or early postop): 2330 (28.7%)
    Steroid (early postop): 461 (5.7%)
    Vasopressor (early postop): 2419 (29.8%)
    First MAP: 4513 available, median=77
    First HR: 7334 available, median=83
    First Ca2+: 7172 available, median=8.1
    First lactate: 1688 available, median=2.0

  Outcome: POAF (composite phenotype):
    Pre-existing AF (excluded from POAF): 994
    Source 1 (diagnosis): 471
    Source 2 (treatment): 37
    Source 3 (new antiarrhythmic): 1125
    Source 4 (infusion drip): 964
    POAF (dx-only, primary):    471 / 7115 (6.6%)
    POAF (composite, sensitivity): 1904 / 7115 (26.8%)
    Pre-op antiarrhythmic (admissionDrug): 79
    POAF (cardioversion-only, Yan): 21 / 7115 (0.3%)

  Positive control: Serum Mg elevation:
    Follow-up Mg (6-48h): 6428 patients with data
    Treated: delta_mg = 0.282 ± 0.507 (n=955)
    Untreated: delta_mg = -0.103 ± 0.539 (n=5473)
    Difference: 0.384 mg/dL
    First postop K+: 7711 available, median=4.0

  Negative controls:
    fracture: 58
    skin_infection: 70
    uti: 187

  Positive control: Ventricular arrhythmia:
    VT/VF/TdP (7d): 322 (4.0%)

  Continuous AKI measures:
    Peak Cr ratio: median=1.11, >1.5: 1192, >2.0: 487
  Time-windowed AKI:
    Ratio >=1.5x within 24h: 298
    Ratio >=1.5x within 48h: 773
    Ratio >=1.5x within 72h: 928

  Neuro outcomes (exploratory):
    delirium: 849
    seizure: 111
    stroke_postop: 124
    encephalopathy: 123

======================================================================
Saving outputs
======================================================================
  → /home/g91p721/mg_aki/results/00_consort.csv  (12 × 2)
  → /home/g91p721/mg_aki/results/01_analysis_a_cohort.csv  (8,109 × 103)

======================================================================
STEP 6: TTE Cohort (Analysis B — Mg supplementation)
======================================================================
  Hypomagnesemia (Mg < 2.0): 3,156
  Treated (Mg supplementation): 777
  Untreated: 2379
  AKI in treated: 82 / 777
  AKI in untreated: 280 / 2379
  → /home/g91p721/mg_aki/results/01b_hypo_cohort.csv  (3,156 × 103)

  CONSORT flowchart:
    total_icu_stays                      200,859
    adults                               200,234
    cardiac_surgery                       34,249
    first_stay                            26,715
    has_mg                                 9,379
    has_baseline_cr                        8,650
    excluded_high_cr                         394
    excluded_eskd_hx                         100
    eligible_final                         8,109
    aki_cases                              1,117
    aki_controls                           6,992
    final_n                                8,109

  Final cohort: 8,109 rows, 103 cols
  Analysis A (prognostic): 8,109
  TTE hypoMg (Mg<2.0): 3,156

  Next: Rscript 02_psm.R && Rscript 03_models.R

──── Step 2/6: eICU PS/IPTW ────
Loading cohorts...
  Prognostic: 8109 patients
  TTE hypoMg: 3156 patients (777 treated, 2379 untreated)
  NOTE: Using predicted ICU mortality instead of APACHE score (post-treatment variable)
  Imputed first_k_value: 398 NA -> median 4.00
  Imputed first_hr: 775 NA -> median 83.00
  Imputed first_ca_value: 937 NA -> median 8.10

 ====================================================================== 
PROGNOSTIC: Mg level as continuous exposure
====================================================================== 
  Prognostic sample: 8109

  Covariate balance across Mg quartiles:
                             Stratified by mg_quartile
                              Q1            Q2            Q3           
  n                            2460          2004          1781        
  age_num (mean (SD))         64.25 (15.97) 65.16 (14.63) 65.32 (13.62)
  is_female (mean (SD))        0.45 (0.50)   0.34 (0.47)   0.30 (0.46) 
  bmi (mean (SD))             29.19 (7.82)  29.50 (7.24)  29.99 (7.02) 
  surgery_type (%)                                                     
     cabg                       263 (10.7)    347 (17.4)    668 (37.6) 
     valve                      223 ( 9.1)    239 (12.0)    304 (17.1) 
     combined                    27 ( 1.1)     86 ( 4.3)    128 ( 7.2) 
     other_cardiac             1942 (79.1)   1325 (66.3)    678 (38.1) 
  hx_chf (mean (SD))           0.16 (0.36)   0.19 (0.40)   0.16 (0.37) 
  hx_hypertension (mean (SD))  0.55 (0.50)   0.58 (0.49)   0.60 (0.49) 
  hx_diabetes (mean (SD))      0.34 (0.48)   0.30 (0.46)   0.31 (0.46) 
  hx_ckd (mean (SD))           0.10 (0.30)   0.10 (0.30)   0.09 (0.29) 
  baseline_cr (mean (SD))      1.08 (0.55)   1.13 (0.55)   1.15 (0.57) 
  baseline_egfr (mean (SD))   76.98 (27.88) 74.94 (26.61) 74.99 (25.96)
                             Stratified by mg_quartile
                              Q4            SMD   
  n                            1864               
  age_num (mean (SD))         66.11 (12.14)  0.068
  is_female (mean (SD))        0.35 (0.48)   0.161
  bmi (mean (SD))             29.26 (6.29)   0.062
  surgery_type (%)                           0.940
     cabg                       879 (47.2)        
     valve                      553 (29.7)        
     combined                   200 (10.7)        
     other_cardiac              231 (12.4)        
  hx_chf (mean (SD))           0.16 (0.37)   0.050
  hx_hypertension (mean (SD))  0.59 (0.49)   0.051
  hx_diabetes (mean (SD))      0.29 (0.45)   0.069
  hx_ckd (mean (SD))           0.08 (0.27)   0.043
  baseline_cr (mean (SD))      1.09 (0.49)   0.076
  baseline_egfr (mean (SD))   75.88 (23.85)  0.044
  Saved prognostic prepared data

 ====================================================================== 
TTE HYPO: Mg supplementation vs. none (Mg < 2.0)
====================================================================== 
  TTE hypoMg sample: 3068 (treated: 759)

  Fitting propensity score model...
  PS: mean=0.247, range=[0.015, 0.583]

  Computing IPTW (stabilized, truncated 1/99)...
  IPTW: median=1.35, max=6.27, ESS=2177

  Balance (IPTW):
Balance Measures
                               Type Diff.Adj    M.Threshold V.Ratio.Adj
prop.score                 Distance   0.0087 Balanced, <0.1      0.9088
age_num                     Contin.  -0.0130 Balanced, <0.1      0.9828
is_female                    Binary   0.0001 Balanced, <0.1           .
bmi                         Contin.  -0.0205 Balanced, <0.1      0.0031
surgery_type_cabg            Binary  -0.0009 Balanced, <0.1           .
surgery_type_valve           Binary  -0.0005 Balanced, <0.1           .
surgery_type_combined        Binary   0.0003 Balanced, <0.1           .
surgery_type_other_cardiac   Binary   0.0011 Balanced, <0.1           .
hx_chf                       Binary   0.0027 Balanced, <0.1           .
hx_hypertension              Binary   0.0035 Balanced, <0.1           .
hx_diabetes                  Binary   0.0134 Balanced, <0.1           .
hx_ckd                       Binary   0.0015 Balanced, <0.1           .
hx_copd                      Binary   0.0021 Balanced, <0.1           .
hx_pvd                       Binary   0.0017 Balanced, <0.1           .
hx_stroke                    Binary  -0.0008 Balanced, <0.1           .
hx_liver                     Binary  -0.0005 Balanced, <0.1           .
baseline_cr                 Contin.  -0.0006 Balanced, <0.1      1.0468
baseline_egfr               Contin.   0.0057 Balanced, <0.1      0.9611
nephrotox_loop_diuretic      Binary   0.0067 Balanced, <0.1           .
nephrotox_nsaid              Binary  -0.0001 Balanced, <0.1           .
nephrotox_acei_arb           Binary   0.0062 Balanced, <0.1           .
nephrotox_ppi                Binary   0.0034 Balanced, <0.1           .
has_betablocker              Binary   0.0005 Balanced, <0.1           .
has_steroid                  Binary  -0.0005 Balanced, <0.1           .
preop_antiarrhythmic         Binary   0.0015 Balanced, <0.1           .
first_k_value               Contin.  -0.0182 Balanced, <0.1      1.0294
has_vasopressor              Binary   0.0043 Balanced, <0.1           .
first_hr                    Contin.   0.0017 Balanced, <0.1      1.0075
first_ca_value              Contin.   0.0122 Balanced, <0.1      1.0061
first_mg_value              Contin.  -0.0295 Balanced, <0.1      0.8376

Balance tally for mean differences
                   count
Balanced, <0.1        30
Not Balanced, >0.1     0

Variable with the greatest mean difference
       Variable Diff.Adj    M.Threshold
 first_mg_value  -0.0295 Balanced, <0.1

Effective sample sizes
           Control Treated
Unadjusted 2309.    759.  
Adjusted   2280.46  688.39

  PS Matching (1:1 nearest-neighbor, caliper 0.2 SD)...
  Matched: 758 pairs (1516 total)

  Balance (matched):
Balance Measures
                               Type Diff.Adj    M.Threshold V.Ratio.Adj
distance                   Distance   0.0032 Balanced, <0.1      1.0158
age_num                     Contin.   0.0387 Balanced, <0.1      0.9278
is_female                    Binary  -0.0198 Balanced, <0.1           .
bmi                         Contin.   0.0011 Balanced, <0.1      1.0545
surgery_type_cabg            Binary  -0.0040 Balanced, <0.1           .
surgery_type_valve           Binary   0.0106 Balanced, <0.1           .
surgery_type_combined        Binary  -0.0026 Balanced, <0.1           .
surgery_type_other_cardiac   Binary  -0.0040 Balanced, <0.1           .
hx_chf                       Binary   0.0172 Balanced, <0.1           .
hx_hypertension              Binary  -0.0026 Balanced, <0.1           .
hx_diabetes                  Binary   0.0303 Balanced, <0.1           .
hx_ckd                       Binary   0.0066 Balanced, <0.1           .
hx_copd                      Binary   0.0092 Balanced, <0.1           .
hx_pvd                       Binary   0.0013 Balanced, <0.1           .
hx_stroke                    Binary   0.0092 Balanced, <0.1           .
hx_liver                     Binary   0.0066 Balanced, <0.1           .
baseline_cr                 Contin.   0.0362 Balanced, <0.1      1.0281
baseline_egfr               Contin.  -0.0541 Balanced, <0.1      0.8978
nephrotox_loop_diuretic      Binary   0.0092 Balanced, <0.1           .
nephrotox_nsaid              Binary  -0.0040 Balanced, <0.1           .
nephrotox_acei_arb           Binary  -0.0040 Balanced, <0.1           .
nephrotox_ppi                Binary  -0.0026 Balanced, <0.1           .
has_betablocker              Binary   0.0026 Balanced, <0.1           .
has_steroid                  Binary   0.0066 Balanced, <0.1           .
preop_antiarrhythmic         Binary   0.0026 Balanced, <0.1           .
first_k_value               Contin.   0.0613 Balanced, <0.1      1.1208
has_vasopressor              Binary   0.0106 Balanced, <0.1           .
first_hr                    Contin.   0.0079 Balanced, <0.1      0.9937
first_ca_value              Contin.  -0.0245 Balanced, <0.1      1.0899
first_mg_value              Contin.   0.0166 Balanced, <0.1      0.7813

Balance tally for mean differences
                   count
Balanced, <0.1        30
Not Balanced, >0.1     0

Variable with the greatest mean difference
      Variable Diff.Adj    M.Threshold
 first_k_value   0.0613 Balanced, <0.1

Sample sizes
          Control Treated
All          2309     759
Matched       758     758
Unmatched    1551       1

  Computing overlap weights (Li et al. 2018)...
  Overlap weights: median=0.262, ESS=2211
  Saved TTE hypoMg IPTW cohort

 ====================================================================== 
TTE ALL: Routine Mg supplementation (all patients)
====================================================================== 
  TTE all sample: 7924 (treated: 1104, untreated: 6820)

  Fitting propensity score model...
  PS: mean=0.139, range=[0.000, 0.697]

  Computing IPTW (stabilized, truncated 1/99)...
  IPTW: median=1.14, max=14.95, ESS=3293

  Balance (IPTW):
Balance Measures
                               Type Diff.Adj        M.Threshold V.Ratio.Adj
prop.score                 Distance  -0.0518     Balanced, <0.1      0.9410
age_num                     Contin.  -0.0485     Balanced, <0.1      0.9813
is_female                    Binary  -0.0070     Balanced, <0.1           .
bmi                         Contin.  -0.0138     Balanced, <0.1      0.0025
surgery_type_cabg            Binary   0.0254     Balanced, <0.1           .
surgery_type_valve           Binary   0.0015     Balanced, <0.1           .
surgery_type_combined        Binary   0.0039     Balanced, <0.1           .
surgery_type_other_cardiac   Binary  -0.0308     Balanced, <0.1           .
hx_chf                       Binary  -0.0049     Balanced, <0.1           .
hx_hypertension              Binary   0.0058     Balanced, <0.1           .
hx_diabetes                  Binary  -0.0055     Balanced, <0.1           .
hx_ckd                       Binary   0.0357     Balanced, <0.1           .
hx_copd                      Binary   0.0276     Balanced, <0.1           .
hx_pvd                       Binary  -0.0081     Balanced, <0.1           .
hx_stroke                    Binary   0.0123     Balanced, <0.1           .
hx_liver                     Binary  -0.0030     Balanced, <0.1           .
baseline_cr                 Contin.   0.0379     Balanced, <0.1      0.9340
baseline_egfr               Contin.  -0.0542     Balanced, <0.1      0.9335
nephrotox_loop_diuretic      Binary  -0.0080     Balanced, <0.1           .
nephrotox_nsaid              Binary   0.0014     Balanced, <0.1           .
nephrotox_acei_arb           Binary   0.0027     Balanced, <0.1           .
nephrotox_ppi                Binary  -0.0138     Balanced, <0.1           .
has_betablocker              Binary  -0.0085     Balanced, <0.1           .
has_steroid                  Binary  -0.0068     Balanced, <0.1           .
preop_antiarrhythmic         Binary  -0.0020     Balanced, <0.1           .
first_k_value               Contin.   0.0508     Balanced, <0.1      1.1970
has_vasopressor              Binary   0.0236     Balanced, <0.1           .
first_hr                    Contin.  -0.0070     Balanced, <0.1      1.0648
first_ca_value              Contin.   0.0141     Balanced, <0.1      1.1177
first_mg_value              Contin.   0.1579 Not Balanced, >0.1      1.3387

Balance tally for mean differences
                   count
Balanced, <0.1        29
Not Balanced, >0.1     1

Variable with the greatest mean difference
       Variable Diff.Adj        M.Threshold
 first_mg_value   0.1579 Not Balanced, >0.1

Effective sample sizes
           Control Treated
Unadjusted 6820.    1104. 
Adjusted   6704.25   384.8

  PS Matching (1:1 nearest-neighbor, caliper 0.2 SD)...
  Matched: 1103 pairs (2206 total)
  Saved TTE all IPTW cohort

  Generating PS diagnostics PDF...
  Saved PS diagnostics PDF

 ====================================================================== 
02_psm.R COMPLETE
Next: Rscript 03_models.R
====================================================================== 

──── Step 3/6: eICU Models ────
Loading data...

 ====================================================================== 
PROGNOSTIC: Mg level -> AKI
====================================================================== 

  OR per 1 mg/dL Mg increase:
  Outcome                                      Events      OR (95% CI)        p
   ------------------------------------------------------------------------------ 
  KDIGO Stage >=1                                1797  1.45 (1.31-1.62)   0.0000
  KDIGO Stage >=1                              FAILED
  Ratio >=1.5x                                   1117  1.47 (1.30-1.66)   0.0000
  Ratio >=1.5x                                 FAILED
  Delta >=0.3                                    1540  1.30 (1.16-1.46)   0.0000
  Delta >=0.3                                  FAILED
  Stage >=2                                       425  1.24 (1.02-1.49)   0.0306
  Stage >=2                                    FAILED
  Stage >=3                                       230  1.29 (0.99-1.67)   0.0516
  Stage >=3                                    FAILED

  Mg quartiles (Q4 = ref), KDIGO >=1:
# A tibble: 3 × 5
  term   estimate conf.low conf.high     p.value
  <chr>     <dbl>    <dbl>     <dbl>       <dbl>
1 mg_qQ1    0.637    0.535     0.759 0.000000451
2 mg_qQ2    0.695    0.586     0.823 0.0000255  
3 mg_qQ3    0.764    0.652     0.895 0.000892   
  Failed: object 'results_list' not found

  Surgery-type × Mg interaction (cardioplegia hypothesis):
    Mg effect (simple surgery): OR 1.58 (1.33-1.88), p=0.0000
    Interaction (complex × Mg):  OR 0.88 (0.71-1.09), p=0.2278
    Stratified simple (n=6349): OR 1.36 (1.19-1.55), p=0.0000
    Stratified complex (n=1760): OR 1.74 (1.45-2.11), p=0.0000

  APACHE sensitivity (mediator bias test):
    Without APACHE (primary): OR 1.45 (1.31-1.62), p=0.0000
    With APACHE (sensitivity): OR 1.43 (1.27-1.61), p=0.0000

 ====================================================================== 
TTE ALL PATIENTS  [N=7924, trt=1104]
====================================================================== 

  PIPELINE CHECK: Serum Mg elevation
    IPTW mean diff = 0.189 mg/dL (0.059 to 0.319), p = 0.0051

  BOUNDARY: Ventricular arrhythmia
    IPTW OR = 1.58 (1.02-2.46), p = 0.0405  [n_events=310]

  POAF (secondary)
  Outcome                                      Events      OR (95% CI)        p
   ------------------------------------------------------------------------------ 
  POAF dx-only (primary)                          458  1.11 (0.72-1.71)   0.6469
  POAF cardioversion (Yan)                         20  1.23 (0.24-6.35)   0.8029
  POAF composite (sensitivity)                   1868  1.31 (0.97-1.78)   0.0790
  POAF dx (no BB)                                 303  1.32 (0.82-2.14)   0.2455
  POAF dx (with BB)                               155  0.73 (0.39-1.38)   0.3312

  PRIMARY: AKI severity-stratified
  Outcome                                      Events      OR (95% CI)        p
   ------------------------------------------------------------------------------ 
  Delta >=0.3                                    1528  0.85 (0.67-1.09)   0.2016
  KDIGO >=1                                      1779  0.77 (0.61-0.98)   0.0317
  Ratio >=1.5x                                   1105  0.80 (0.61-1.05)   0.0992
  Stage >=2                                       420  0.95 (0.73-1.25)   0.7282
  Stage >=3                                       227  0.97 (0.67-1.41)   0.8670

  Time-windowed AKI
  Outcome                                      Events      OR (95% CI)        p
   ------------------------------------------------------------------------------ 
  AKI 1.5x <=24h                                  294  0.77 (0.48-1.23)   0.2712
  AKI 1.5x <=48h                                  763  0.68 (0.46-0.99)   0.0447
  AKI 1.5x <=72h                                  917  0.74 (0.53-1.03)   0.0759

  Peak Cr ratio diff = -0.038 (-0.134 to 0.059), p=0.4374

  AKI x beta-blocker
  Outcome                                      Events      OR (95% CI)        p
   ------------------------------------------------------------------------------ 
  AKI 1.5x (no BB)                                789  0.84 (0.63-1.14)   0.2619
  AKI 1.5x (with BB)                              316  0.69 (0.46-1.04)   0.0738

  Sensitivity (ratio >=1.5x):
    Cox HR = 0.83 (0.67-1.01), p=0.0660
    OW OR = 0.86 (0.70-1.05), p=0.1419
    Matched OR = 0.76 (0.59-0.97), p=0.0280

  NEGATIVE CONTROLS
  Outcome                                      Events      OR (95% CI)        p
   ------------------------------------------------------------------------------ 
  Fracture                                         56  1.07 (0.55-2.09)   0.8346
  Skin infection                                   69  1.33 (0.68-2.60)   0.4006
  UTI                                             178  0.57 (0.27-1.18)   0.1261

  NEURO (exploratory)
  Outcome                                      Events      OR (95% CI)        p
   ------------------------------------------------------------------------------ 
  Delirium                                        811  0.82 (0.31-2.17)   0.6790
  Seizure                                         108  1.11 (0.54-2.29)   0.7683
  Stroke (postop)                                 121  0.90 (0.40-2.04)   0.7963
  Encephalopathy                                  122  0.72 (0.41-1.26)   0.2495

  SECONDARY
  Outcome                                      Events      OR (95% CI)        p
   ------------------------------------------------------------------------------ 
  RRT 7d                                          150  1.00 (0.59-1.68)   0.9907
  ICU mortality                                   394  0.95 (0.60-1.52)   0.8373
  Hospital mortality                              578  0.94 (0.64-1.37)   0.7317

  E-VALUES:
    KDIGO >=1: E-value = 1.54 (CI bound: NA)
Confidence interval crosses the true value, so its E-value is 1.
    Ratio >=1.5x: E-value = 1.82 (CI bound: NA)
    AKI 1.5x <=48h: E-value = 2.32 (CI bound: NA)
Confidence interval crosses the true value, so its E-value is 1.
    Hospital mortality: E-value = 1.34 (CI bound: NA)

 ====================================================================== 
TTE HYPOMAGNESEMIA (Mg < 2.0)  [N=3068, trt=759]
====================================================================== 

  PIPELINE CHECK: Serum Mg elevation
    IPTW mean diff = 0.128 mg/dL (0.054 to 0.203), p = 0.0010

  BOUNDARY: Ventricular arrhythmia
    IPTW OR = 1.81 (0.86-3.79), p = 0.1140  [n_events=120]

  POAF (secondary)
  Outcome                                      Events      OR (95% CI)        p
   ------------------------------------------------------------------------------ 
  POAF dx-only (primary)                          170  1.20 (0.67-2.12)   0.5381
  POAF cardioversion (Yan)                          9  0.58 (0.06-5.15)   0.6171
  POAF composite (sensitivity)                    503  1.29 (0.95-1.76)   0.1065
  POAF dx (no BB)                                 111  1.53 (0.80-2.93)   0.1910
  POAF dx (with BB)                                59  0.67 (0.32-1.40)   0.2807

  PRIMARY: AKI severity-stratified
  Outcome                                      Events      OR (95% CI)        p
   ------------------------------------------------------------------------------ 
  Delta >=0.3                                     485  1.04 (0.79-1.36)   0.7830
  KDIGO >=1                                       568  0.98 (0.73-1.33)   0.9141
  Ratio >=1.5x                                    354  0.90 (0.62-1.30)   0.5791
  Stage >=2                                       144  0.92 (0.62-1.36)   0.6692
  Stage >=3                                        87  1.08 (0.64-1.83)   0.7789

  Time-windowed AKI
  Outcome                                      Events      OR (95% CI)        p
   ------------------------------------------------------------------------------ 
  AKI 1.5x <=24h                                   94  0.83 (0.50-1.39)   0.4736
  AKI 1.5x <=48h                                  227  0.75 (0.49-1.16)   0.1909
  AKI 1.5x <=72h                                  283  0.87 (0.59-1.28)   0.4641

  Peak Cr ratio diff = 0.057 (-0.134 to 0.247), p=0.5539

  AKI x beta-blocker
  Outcome                                      Events      OR (95% CI)        p
   ------------------------------------------------------------------------------ 
  AKI 1.5x (no BB)                                253  0.95 (0.63-1.43)   0.7900
  AKI 1.5x (with BB)                              101  0.80 (0.46-1.39)   0.4182

  Sensitivity (ratio >=1.5x):
    Cox HR = 0.92 (0.71-1.19), p=0.5203
    OW OR = 0.87 (0.66-1.13), p=0.2949

  NEGATIVE CONTROLS
  Outcome                                      Events      OR (95% CI)        p
   ------------------------------------------------------------------------------ 
  Fracture                                         33  1.41 (0.76-2.61)   0.2763
  Skin infection                                   40  1.27 (0.62-2.60)   0.5124
  UTI                                             104  0.62 (0.29-1.32)   0.2098

  NEURO (exploratory)
  Outcome                                      Events      OR (95% CI)        p
   ------------------------------------------------------------------------------ 
  Delirium                                        382  0.75 (0.31-1.84)   0.5241
  Seizure                                          62  1.00 (0.44-2.26)   0.9933
  Stroke (postop)                                  61  0.87 (0.41-1.84)   0.7064
  Encephalopathy                                   64  0.74 (0.45-1.22)   0.2290

  SECONDARY
  Outcome                                      Events      OR (95% CI)        p
   ------------------------------------------------------------------------------ 
  RRT 7d                                           35  0.85 (0.37-1.96)   0.6958
  ICU mortality                                   163  0.75 (0.48-1.18)   0.2119
  Hospital mortality                              265  0.66 (0.46-0.95)   0.0271

  E-VALUES:
Confidence interval crosses the true value, so its E-value is 1.
    KDIGO >=1: E-value = 1.10 (CI bound: NA)
Confidence interval crosses the true value, so its E-value is 1.
    Ratio >=1.5x: E-value = 1.45 (CI bound: NA)
Confidence interval crosses the true value, so its E-value is 1.
    AKI 1.5x <=48h: E-value = 1.98 (CI bound: NA)
    Hospital mortality: E-value = 2.39 (CI bound: NA)

 ====================================================================== 
RESULTS SUMMARY
====================================================================== 
# A tibble: 57 × 7
   model                      term  estimate conf.low conf.high p.value n_events
   <chr>                      <chr>    <dbl>    <dbl>     <dbl>   <dbl>    <dbl>
 1 ALL_mg_elevation           Seru…   0.189    0.0588    0.319  5.05e-3     6301
 2 ALL_vent_arrhythmia        VT/V…   1.58     1.02      2.46   4.05e-2      310
 3 ALL_POAF dx-only (primary) POAF…   1.11     0.716     1.71   6.47e-1      458
 4 ALL_POAF dx (no BB)        POAF…   1.32     0.821     2.14   2.45e-1      303
 5 ALL_POAF dx (with BB)      POAF…   0.735    0.392     1.38   3.31e-1      155
 6 ALL_aki_Delta >=0.3        Delt…   0.853    0.667     1.09   2.02e-1     1528
 7 ALL_aki_KDIGO >=1          KDIG…   0.769    0.605     0.977  3.17e-2     1779
 8 ALL_aki_Ratio >=1.5x       Rati…   0.796    0.606     1.05   9.92e-2     1105
 9 ALL_aki_Stage >=2          Stag…   0.954    0.731     1.25   7.28e-1      420
10 ALL_aki_Stage >=3          Stag…   0.969    0.666     1.41   8.67e-1      227
11 ALL_tw_AKI 1.5x <=24h      AKI …   0.768    0.478     1.23   2.71e-1      294
12 ALL_tw_AKI 1.5x <=48h      AKI …   0.675    0.460     0.991  4.47e-2      763
13 ALL_tw_AKI 1.5x <=72h      AKI …   0.739    0.529     1.03   7.59e-2      917
14 ALL_peak_cr                Peak…  -0.0378  -0.134     0.0587 4.37e-1     7590
15 ALL_AKI 1.5x (no BB)       AKI …   0.845    0.627     1.14   2.62e-1      789
16 ALL_AKI 1.5x (with BB)     AKI …   0.689    0.458     1.04   7.38e-2      316
17 ALL_cox                    trt     0.825    0.672     1.01   6.60e-2       NA
18 ALL_ow                     trt     0.858    0.699     1.05   1.42e-1       NA
19 ALL_matched                trt     0.757    0.590     0.970  2.80e-2       NA
20 ALL_nc_Fracture            Frac…   1.07     0.551     2.09   8.35e-1       56
21 ALL_nc_Skin infection      Skin…   1.33     0.679     2.60   4.01e-1       69
22 ALL_nc_UTI                 UTI     0.566    0.272     1.18   1.26e-1      178
23 ALL_neuro_Delirium         Deli…   0.815    0.306     2.17   6.79e-1      811
24 ALL_neuro_Seizure          Seiz…   1.11     0.541     2.29   7.68e-1      108
25 ALL_neuro_Stroke (postop)  Stro…   0.899    0.396     2.04   7.96e-1      121
26 ALL_neuro_Encephalopathy   Ence…   0.723    0.413     1.26   2.50e-1      122
27 ALL_sec_RRT 7d             RRT …   0.997    0.593     1.68   9.91e-1      150
28 ALL_sec_ICU mortality      ICU …   0.953    0.598     1.52   8.37e-1      394
29 ALL_sec_Hospital mortality Hosp…   0.936    0.637     1.37   7.32e-1      578
30 HYPO_mg_elevation          Seru…   0.128    0.0540    0.203  9.98e-4     2452
31 HYPO_vent_arrhythmia       VT/V…   1.81     0.864     3.79   1.14e-1      120
32 HYPO_POAF dx-only (primar… POAF…   1.20     0.672     2.12   5.38e-1      170
33 HYPO_POAF dx (no BB)       POAF…   1.53     0.803     2.93   1.91e-1      111
34 HYPO_POAF dx (with BB)     POAF…   0.672    0.323     1.40   2.81e-1       59
35 HYPO_aki_Delta >=0.3       Delt…   1.04     0.794     1.36   7.83e-1      485
36 HYPO_aki_KDIGO >=1         KDIG…   0.984    0.729     1.33   9.14e-1      568
37 HYPO_aki_Ratio >=1.5x      Rati…   0.902    0.625     1.30   5.79e-1      354
38 HYPO_aki_Stage >=2         Stag…   0.919    0.619     1.36   6.69e-1      144
39 HYPO_aki_Stage >=3         Stag…   1.08     0.635     1.83   7.79e-1       87
40 HYPO_tw_AKI 1.5x <=24h     AKI …   0.830    0.496     1.39   4.74e-1       94
41 HYPO_tw_AKI 1.5x <=48h     AKI …   0.754    0.493     1.16   1.91e-1      227
42 HYPO_tw_AKI 1.5x <=72h     AKI …   0.867    0.588     1.28   4.64e-1      283
43 HYPO_peak_cr               Peak…   0.0567  -0.134     0.247  5.54e-1     2874
44 HYPO_AKI 1.5x (no BB)      AKI …   0.947    0.628     1.43   7.90e-1      253
45 HYPO_AKI 1.5x (with BB)    AKI …   0.799    0.460     1.39   4.18e-1      101
46 HYPO_cox                   trt     0.920    0.714     1.19   5.20e-1       NA
47 HYPO_ow                    trt     0.867    0.663     1.13   2.95e-1       NA
48 HYPO_nc_Fracture           Frac…   1.41     0.756     2.61   2.76e-1       33
49 HYPO_nc_Skin infection     Skin…   1.27     0.618     2.60   5.12e-1       40
50 HYPO_nc_UTI                UTI     0.621    0.293     1.32   2.10e-1      104
51 HYPO_neuro_Delirium        Deli…   0.750    0.305     1.84   5.24e-1      382
52 HYPO_neuro_Seizure         Seiz…   0.997    0.439     2.26   9.93e-1       62
53 HYPO_neuro_Stroke (postop) Stro…   0.868    0.410     1.84   7.06e-1       61
54 HYPO_neuro_Encephalopathy  Ence…   0.736    0.445     1.22   2.29e-1       64
55 HYPO_sec_RRT 7d            RRT …   0.849    0.368     1.96   6.96e-1       35
56 HYPO_sec_ICU mortality     ICU …   0.750    0.476     1.18   2.12e-1      163
57 HYPO_sec_Hospital mortali… Hosp…   0.662    0.459     0.953  2.71e-2      265

Saved: /home/g91p721/mg_aki/results/03_results_summary.csv

03_models.R COMPLETE

──── Step 4/6: MIMIC ETL ────
======================================================================
MIMIC-IV FULL ETL — Matching eICU 30-Variable PS Model
======================================================================

STEP 0: Loading tables...
  Loading labevents (filtered by itemid)...
  labevents (filtered): 15,042,696
  inputevents: 10,953,713
  prescriptions: 20,292,611
  Loading chartevents (HR + weight + height only)...
  chartevents (filtered): 8,883,079
  patients: 364,627
  admissions: 546,028
  icustays: 94,458
  dx: 6,364,488
  px: 859,655

======================================================================
STEP 1: Cardiac Surgery Cohort
======================================================================
  By ICD procedure: 11328
  By CVICU unit: 13956
  Combined: 15752
  Adults, first ICU stay: 13706
  Surgery types: {'cabg': 5842, 'other_cardiac': 3696, 'valve': 2834, 'combined': 1334}

======================================================================
STEP 2: Magnesium Exposure
======================================================================
  Mg within 6h: 3913
  Mg: median=2.0, IQR=[1.8, 2.3]

======================================================================
STEP 3: Baseline Creatinine
======================================================================
  With baseline Cr: 3746
  eGFR: median=75.4

======================================================================
STEP 4: AKI Phenotyping
======================================================================
  KDIGO ≥1: 1227 (32.8%)
  Ratio ≥1.5×: 908 (24.2%)
  48h: 483, 72h: 577

======================================================================
STEP 5: Covariates
======================================================================
  Comorbidities (from ICD):
    hx_chf: 1546
    hx_hypertension: 2734
    hx_diabetes: 1210
    hx_ckd: 858
    hx_copd: 603
    hx_pvd: 273
    hx_stroke: 202
    hx_liver: 153
    hx_afib: 1453
  Nephrotoxins (from prescriptions):
    nephrotox_loop_diuretic: 698
    nephrotox_nsaid: 50
    nephrotox_acei_arb: 262
    nephrotox_ppi: 930
  β-blocker: 1348 (36.0%)
  Steroid: 303 (8.1%)
  Pre-op antiarrhythmic: 285
  Vasopressor: 1039 (27.7%)
  first_k_value: 3620 available
  first_ca_value: 3221 available
  First HR: 2634 available
  BMI: 2523 available, median=27.5

  Mg supplementation: 647 (17.3%)
  Hospital mortality: 353 (9.4%)
  Pre-existing AF: 1453
  POAF (new-onset): 0
  VT/VF: 375 (10.0%)
  Negative controls: fracture=100, UTI=404
  Neuro: delirium=265, enceph=184

======================================================================
SAVED: /home/g91p721/mg_aki/results/04_mimic_cohort.csv  (3746 × 65)
======================================================================

  N = 3746
  Surgery: {'other_cardiac': 2135, 'cabg': 890, 'valve': 577, 'combined': 144}
  Mg supp: 647 (17.3%)
  AKI KDIGO≥1: 1227 (32.8%)
  AKI 1.5×: 908 (24.2%)
  Mortality: 353 (9.4%)
  Columns available for PS: 65
  PS covariates matched: 26/26
    age: 3746/3746 available (0 NA)
    is_female: 3746/3746 available (0 NA)
    bmi: 2523/3746 available (1223 NA)
    surgery_type: 3746/3746 available (0 NA)
    hx_chf: 3746/3746 available (0 NA)
    hx_hypertension: 3746/3746 available (0 NA)
    hx_diabetes: 3746/3746 available (0 NA)
    hx_ckd: 3746/3746 available (0 NA)
    hx_copd: 3746/3746 available (0 NA)
    hx_pvd: 3746/3746 available (0 NA)
    hx_stroke: 3746/3746 available (0 NA)
    hx_liver: 3746/3746 available (0 NA)
    baseline_cr: 3746/3746 available (0 NA)
    baseline_egfr: 3746/3746 available (0 NA)
    nephrotox_loop_diuretic: 3746/3746 available (0 NA)
    nephrotox_nsaid: 3746/3746 available (0 NA)
    nephrotox_acei_arb: 3746/3746 available (0 NA)
    nephrotox_ppi: 3746/3746 available (0 NA)
    has_betablocker: 3746/3746 available (0 NA)
    has_steroid: 3746/3746 available (0 NA)
    preop_antiarrhythmic: 3746/3746 available (0 NA)
    first_k_value: 3620/3746 available (126 NA)
    first_ca_value: 3221/3746 available (525 NA)
    first_hr: 2634/3746 available (1112 NA)
    has_vasopressor: 3746/3746 available (0 NA)
    first_mg_value: 3746/3746 available (0 NA)

Next: Rscript 05_mimic_tte.R

──── Step 5/6: MIMIC TTE ────
MIMIC-IV cohort: N=3746, treated=647 (17.3%)
PS covariates: 26 matched
  Imputed first_k_value: 126 NA -> 4.1
  Imputed first_ca_value: 525 NA -> 8.5
  Imputed first_hr: 1112 NA -> 82.0
  Imputed bmi: 1223 NA -> 27.5
After NA drop: 3746 (treated: 647)

Fitting PS + IPTW...
IPTW: median=1.19, max=14.36, ESS=1714

Balance:
Balance Measures
                               Type Diff.Adj        M.Threshold
prop.score                 Distance  -0.0500     Balanced, <0.1
age                         Contin.   0.0133     Balanced, <0.1
is_female                    Binary  -0.0070     Balanced, <0.1
surgery_type_cabg            Binary   0.0012     Balanced, <0.1
surgery_type_valve           Binary   0.0266     Balanced, <0.1
surgery_type_combined        Binary   0.0118     Balanced, <0.1
surgery_type_other_cardiac   Binary  -0.0396     Balanced, <0.1
hx_chf                       Binary   0.0047     Balanced, <0.1
hx_hypertension              Binary   0.0081     Balanced, <0.1
hx_diabetes                  Binary  -0.0087     Balanced, <0.1
hx_ckd                       Binary  -0.0108     Balanced, <0.1
hx_copd                      Binary  -0.0250     Balanced, <0.1
hx_pvd                       Binary  -0.0126     Balanced, <0.1
hx_stroke                    Binary  -0.0099     Balanced, <0.1
hx_liver                     Binary  -0.0072     Balanced, <0.1
baseline_cr                 Contin.  -0.0684     Balanced, <0.1
baseline_egfr               Contin.   0.0594     Balanced, <0.1
nephrotox_loop_diuretic      Binary  -0.0135     Balanced, <0.1
nephrotox_nsaid              Binary  -0.0019     Balanced, <0.1
nephrotox_acei_arb           Binary  -0.0012     Balanced, <0.1
nephrotox_ppi                Binary   0.0014     Balanced, <0.1
has_betablocker              Binary  -0.0119     Balanced, <0.1
has_steroid                  Binary  -0.0144     Balanced, <0.1
preop_antiarrhythmic         Binary   0.0142     Balanced, <0.1
first_k_value               Contin.  -0.0716     Balanced, <0.1
first_ca_value              Contin.  -0.0491     Balanced, <0.1
has_vasopressor              Binary   0.0821     Balanced, <0.1
first_mg_value              Contin.   0.3029 Not Balanced, >0.1
bmi                         Contin.   0.0078     Balanced, <0.1
first_hr                    Contin.   0.0050     Balanced, <0.1

Balance tally for mean differences
                   count
Balanced, <0.1        29
Not Balanced, >0.1     1

Variable with the greatest mean difference
       Variable Diff.Adj        M.Threshold
 first_mg_value   0.3029 Not Balanced, >0.1

Effective sample sizes
           Control Treated
Unadjusted 3099.    647.  
Adjusted   2949.94  336.37

PS Matching (1:1)...
Matched: 641 pairs

Matched balance:
Balance Measures
                               Type Diff.Adj    M.Threshold
distance                   Distance   0.0062 Balanced, <0.1
age                         Contin.  -0.0041 Balanced, <0.1
is_female                    Binary   0.0000 Balanced, <0.1
surgery_type_cabg            Binary  -0.0140 Balanced, <0.1
surgery_type_valve           Binary   0.0000 Balanced, <0.1
surgery_type_combined        Binary  -0.0031 Balanced, <0.1
surgery_type_other_cardiac   Binary   0.0172 Balanced, <0.1
hx_chf                       Binary  -0.0047 Balanced, <0.1
hx_hypertension              Binary  -0.0094 Balanced, <0.1
hx_diabetes                  Binary   0.0140 Balanced, <0.1
hx_ckd                       Binary   0.0094 Balanced, <0.1
hx_copd                      Binary   0.0062 Balanced, <0.1
hx_pvd                       Binary   0.0109 Balanced, <0.1
hx_stroke                    Binary   0.0078 Balanced, <0.1
hx_liver                     Binary  -0.0016 Balanced, <0.1
baseline_cr                 Contin.  -0.0445 Balanced, <0.1
baseline_egfr               Contin.   0.0092 Balanced, <0.1
nephrotox_loop_diuretic      Binary  -0.0234 Balanced, <0.1
nephrotox_nsaid              Binary   0.0000 Balanced, <0.1
nephrotox_acei_arb           Binary   0.0047 Balanced, <0.1
nephrotox_ppi                Binary  -0.0062 Balanced, <0.1
has_betablocker              Binary  -0.0047 Balanced, <0.1
has_steroid                  Binary  -0.0016 Balanced, <0.1
preop_antiarrhythmic         Binary  -0.0078 Balanced, <0.1
first_k_value               Contin.  -0.0618 Balanced, <0.1
first_ca_value              Contin.   0.0324 Balanced, <0.1
has_vasopressor              Binary  -0.0250 Balanced, <0.1
first_mg_value              Contin.  -0.0114 Balanced, <0.1
bmi                         Contin.   0.0067 Balanced, <0.1
first_hr                    Contin.  -0.0820 Balanced, <0.1

Balance tally for mean differences
                   count
Balanced, <0.1        30
Not Balanced, >0.1     0

Variable with the greatest mean difference
 Variable Diff.Adj    M.Threshold
 first_hr   -0.082 Balanced, <0.1

Sample sizes
          Control Treated
All          3099     647
Matched       641     641
Unmatched    2458       6

 ====================================================================== 
TTE ALL PATIENTS
====================================================================== 

  Pipeline check: Serum Mg elevation
    IPTW diff = 0.172 (0.099 to 0.245), p=0.0000

  VT/VF: OR 1.03 (0.73-1.45), p=0.8754  [n=375]

  AKI: IPTW
  Outcome                                    Events        OR (95% CI)        p
   ---------------------------------------------------------------------------- 
  Delta >=0.3                                   943   0.94 (0.75-1.19)   0.6236
  KDIGO >=1                                    1227   0.91 (0.74-1.13)   0.4017
  Ratio >=1.5x                                  908   0.90 (0.71-1.13)   0.3548
  Stage >=2                                     446   0.87 (0.63-1.20)   0.4060
  Stage >=3                                     159   0.85 (0.50-1.45)   0.5557

  AKI: Time-windowed
  Outcome                                    Events        OR (95% CI)        p
   ---------------------------------------------------------------------------- 
  AKI 1.5x <=24h                                290   0.94 (0.64-1.38)   0.7565
  AKI 1.5x <=48h                                483   0.95 (0.70-1.27)   0.7119
  AKI 1.5x <=72h                                577   0.95 (0.72-1.25)   0.7317

  Peak Cr ratio diff = -0.068 (-0.157 to 0.021), p=0.1337

  AKI: PS Matched
    Delta >=0.3: OR 0.94 (0.73-1.22), p=0.6454
    KDIGO >=1: OR 0.97 (0.77-1.23), p=0.8102
    Ratio >=1.5x: OR 0.90 (0.70-1.16), p=0.4011
    Stage >=2: OR 0.77 (0.55-1.07), p=0.1248
    Stage >=3: OR 0.69 (0.40-1.18), p=0.1811

  OW: OR 0.92 (0.75-1.14), p=0.4608

  Mortality
  Outcome                                    Events        OR (95% CI)        p
   ---------------------------------------------------------------------------- 
  Hospital mortality                            353   0.65 (0.45-0.95)   0.0270

  Negative controls
  Outcome                                    Events        OR (95% CI)        p
   ---------------------------------------------------------------------------- 
  Fracture                                      100   1.01 (0.56-1.80)   0.9852
  UTI                                           404   0.61 (0.43-0.85)   0.0040

  Neuro (exploratory)
  Outcome                                    Events        OR (95% CI)        p
   ---------------------------------------------------------------------------- 
  Delirium                                      265   0.71 (0.47-1.07)   0.1057
  Encephalopathy                                184   0.47 (0.26-0.86)   0.0134

  Dose-response (MIMIC unique):
    Q1 (n=216, median dose=4): AKI KDIGO1=35.2%, 1.5x=27.8%
    Q2 (n=216, median dose=52): AKI KDIGO1=27.3%, 1.5x=19.0%
    Q3 (n=215, median dose=52): AKI KDIGO1=32.1%, 1.5x=25.6%
    Trend: OR 1.0007 per unit, p=0.8126

 ====================================================================== 
TTE HYPOMAGNESEMIA (Mg < 2.0)
====================================================================== 
TTE hypoMg: N=1780 (treated: 509)

  HypoMg AKI
  Outcome                                    Events        OR (95% CI)        p
   ---------------------------------------------------------------------------- 
  Delta >=0.3                                   401   0.88 (0.67-1.15)   0.3494
  KDIGO >=1                                     545   0.90 (0.71-1.14)   0.3901
  Ratio >=1.5x                                  410   0.87 (0.67-1.13)   0.2951
  Stage >=2                                     202   0.68 (0.47-0.97)   0.0337
  Stage >=3                                      71   0.72 (0.40-1.30)   0.2790

  HypoMg Time-windowed AKI
  Outcome                                    Events        OR (95% CI)        p
   ---------------------------------------------------------------------------- 
  AKI 1.5x <=24h                                127   0.69 (0.44-1.06)   0.0902
  AKI 1.5x <=48h                                214   0.76 (0.54-1.07)   0.1201
  AKI 1.5x <=72h                                253   0.78 (0.57-1.08)   0.1322

  HypoMg Mortality
  Outcome                                    Events        OR (95% CI)        p
   ---------------------------------------------------------------------------- 
  Hospital mortality                            141   0.88 (0.58-1.34)   0.5504

  HypoMg Negative controls
  Outcome                                    Events        OR (95% CI)        p
   ---------------------------------------------------------------------------- 
  Fracture                                       64   1.03 (0.56-1.89)   0.9245
  UTI                                           210   0.76 (0.53-1.08)   0.1243

  HypoMg matched: 496 pairs
    KDIGO >=1: OR 0.92 (0.71-1.20), p=0.5433
    Ratio >=1.5x: OR 0.92 (0.69-1.22), p=0.5606
    Stage >=2: OR 0.81 (0.55-1.19), p=0.2830
    Hospital mortality: OR 0.97 (0.61-1.56), p=0.9044

 ====================================================================== 
SURGERY-TYPE INTERACTION (Cardioplegia Hypothesis)
====================================================================== 
  Mg effect (simple): OR 1.05 (0.83-1.31), p=0.7030
  Interaction (complex×Mg): OR 0.97 (0.73-1.28), p=0.8155
  Stratified simple (n=3025): OR 1.01 (0.85-1.19), p=0.9305
  Stratified complex (n=721): OR 1.09 (0.85-1.41), p=0.4848

 ====================================================================== 
E-VALUES
====================================================================== 

Attaching package: ‘EValue’

The following object is masked from ‘package:survey’:

    HR

  Mortality (IPTW): OR=0.65, E-value=2.45 (CI bound=NA)
Confidence interval crosses the true value, so its E-value is 1.
  AKI KDIGO>=1 (IPTW): OR=0.91, E-value=1.43 (CI bound=NA)
Confidence interval crosses the true value, so its E-value is 1.
  AKI Ratio 1.5x (IPTW): OR=0.90, E-value=1.46 (CI bound=NA)
Confidence interval crosses the true value, so its E-value is 1.
  AKI Stage>=3 (matched): OR=0.69, E-value=2.26 (CI bound=NA)
  Encephalopathy (IPTW): OR=0.47, E-value=3.68 (CI bound=NA)

 ====================================================================== 
SAVING MIMIC RESULTS
====================================================================== 
# A tibble: 37 × 7
   model                      term  estimate conf.low conf.high p.value n_events
   <chr>                      <chr>    <dbl>    <dbl>     <dbl>   <dbl>    <dbl>
 1 ALL_mg_elevation           Seru…   0.172    0.0989    0.245  3.93e-6     3632
 2 ALL_vent_arrhythmia        VT/V…   1.03     0.729     1.45   8.75e-1      375
 3 ALL_aki_Delta >=0.3        Delt…   0.943    0.748     1.19   6.24e-1      943
 4 ALL_aki_KDIGO >=1          KDIG…   0.914    0.739     1.13   4.02e-1     1227
 5 ALL_aki_Ratio >=1.5x       Rati…   0.897    0.712     1.13   3.55e-1      908
 6 ALL_aki_Stage >=2          Stag…   0.872    0.632     1.20   4.06e-1      446
 7 ALL_aki_Stage >=3          Stag…   0.852    0.501     1.45   5.56e-1      159
 8 ALL_tw_AKI 1.5x <=24h      AKI …   0.942    0.644     1.38   7.57e-1      290
 9 ALL_tw_AKI 1.5x <=48h      AKI …   0.945    0.701     1.27   7.12e-1      483
10 ALL_tw_AKI 1.5x <=72h      AKI …   0.953    0.724     1.25   7.32e-1      577
11 ALL_peak_cr                Peak…  -0.0682  -0.157     0.0209 1.34e-1     3681
12 ALL_matched_Delta >=0.3    Delt…   0.941    0.727     1.22   6.45e-1      303
13 ALL_matched_KDIGO >=1      KDIG…   0.972    0.768     1.23   8.10e-1      406
14 ALL_matched_Ratio >=1.5x   Rati…   0.897    0.696     1.16   4.01e-1      319
15 ALL_matched_Stage >=2      Stag…   0.768    0.547     1.07   1.25e-1      156
16 ALL_matched_Stage >=3      Stag…   0.694    0.403     1.18   1.81e-1       58
17 ALL_ow                     OW r…   0.924    0.749     1.14   4.61e-1      908
18 ALL_sec_Hospital mortality Hosp…   0.654    0.448     0.953  2.70e-2      353
19 ALL_nc_Fracture            Frac…   1.01     0.560     1.80   9.85e-1      100
20 ALL_nc_UTI                 UTI     0.609    0.435     0.853  3.96e-3      404
21 ALL_neuro_Delirium         Deli…   0.712    0.471     1.07   1.06e-1      265
22 ALL_neuro_Encephalopathy   Ence…   0.473    0.261     0.856  1.34e-2      184
23 HYPO_aki_Delta >=0.3       Delt…   0.880    0.674     1.15   3.49e-1      401
24 HYPO_aki_KDIGO >=1         KDIG…   0.900    0.709     1.14   3.90e-1      545
25 HYPO_aki_Ratio >=1.5x      Rati…   0.870    0.671     1.13   2.95e-1      410
26 HYPO_aki_Stage >=2         Stag…   0.678    0.474     0.970  3.37e-2      202
27 HYPO_aki_Stage >=3         Stag…   0.723    0.402     1.30   2.79e-1       71
28 HYPO_tw_AKI 1.5x <=24h     AKI …   0.687    0.444     1.06   9.02e-2      127
29 HYPO_tw_AKI 1.5x <=48h     AKI …   0.763    0.542     1.07   1.20e-1      214
30 HYPO_tw_AKI 1.5x <=72h     AKI …   0.784    0.571     1.08   1.32e-1      253
31 HYPO_sec_Hospital mortali… Hosp…   0.880    0.580     1.34   5.50e-1      141
32 HYPO_nc_Fracture           Frac…   1.03     0.560     1.89   9.24e-1       64
33 HYPO_nc_UTI                UTI     0.759    0.535     1.08   1.24e-1      210
34 HYPO_matched_KDIGO >=1     KDIG…   0.921    0.707     1.20   5.43e-1      327
35 HYPO_matched_Ratio >=1.5x  Rati…   0.919    0.690     1.22   5.61e-1      254
36 HYPO_matched_Stage >=2     Stag…   0.810    0.550     1.19   2.83e-1      119
37 HYPO_matched_Hospital mor… Hosp…   0.972    0.605     1.56   9.04e-1       75

Saved: /home/g91p721/mg_aki/results/05_mimic_results_summary.csv (37 estimates)

05_mimic_tte.R COMPLETE

──── Step 6/6: Meta-analysis ────
======================================================================
META-ANALYSIS: eICU + MIMIC-IV
======================================================================
  eICU:  57 estimates
  MIMIC: 37 estimates

  KDIGO Stage >=1                         
    eICU:   OR 0.77 (0.61-0.98), events=1779
    MIMIC:  OR 0.91 (0.74-1.13), events=1227
    Pooled: OR 0.85 (0.72-0.99), p=0.0398, I²=11%

  Ratio >=1.5x                            
    eICU:   OR 0.80 (0.61-1.05), events=1105
    MIMIC:  OR 0.90 (0.71-1.13), events=908
    Pooled: OR 0.85 (0.72-1.02), p=0.0772, I²=0%

  Delta >=0.3                             
    eICU:   OR 0.85 (0.67-1.09), events=1528
    MIMIC:  OR 0.94 (0.75-1.19), events=943
    Pooled: OR 0.90 (0.76-1.07), p=0.2201, I²=0%

  Stage >=2                               
    eICU:   OR 0.95 (0.73-1.25), events=420
    MIMIC:  OR 0.87 (0.63-1.20), events=446
    Pooled: OR 0.92 (0.75-1.13), p=0.4272, I²=0%

  Stage >=3                               
    eICU:   OR 0.97 (0.67-1.41), events=227
    MIMIC:  OR 0.85 (0.50-1.45), events=159
    Pooled: OR 0.93 (0.68-1.26), p=0.6351, I²=0%

  AKI 1.5x <=48h                          
    eICU:   OR 0.68 (0.46-0.99), events=763
    MIMIC:  OR 0.95 (0.70-1.27), events=483
    Pooled: OR 0.83 (0.66-1.05), p=0.1269, I²=46%

  AKI 1.5x <=72h                          
    eICU:   OR 0.74 (0.53-1.03), events=917
    MIMIC:  OR 0.95 (0.72-1.25), events=577
    Pooled: OR 0.86 (0.70-1.06), p=0.1646, I²=24%

  Mortality (all+all)                     
    eICU:   OR 0.94 (0.64-1.37), events=578
    MIMIC:  OR 0.65 (0.45-0.95), events=353
    Pooled: OR 0.78 (0.60-1.02), p=0.0693, I²=41%

  Mortality (hypo+all)                    
    eICU:   OR 0.66 (0.46-0.95), events=265
    MIMIC:  OR 0.65 (0.45-0.95), events=353
    Pooled: OR 0.66 (0.51-0.85), p=0.0017, I²=0%

  Fracture (neg ctrl)                     
    eICU:   OR 1.07 (0.55-2.09), events=56
    MIMIC:  OR 1.01 (0.56-1.80), events=100
    Pooled: OR 1.03 (0.67-1.60), p=0.8808, I²=0%

  Encephalopathy                          
    eICU:   OR 0.72 (0.41-1.26), events=122
    MIMIC:  OR 0.47 (0.26-0.86), events=184
    Pooled: OR 0.59 (0.39-0.89), p=0.0116, I²=4%

======================================================================
POOLED RESULTS
======================================================================

  Outcome                                     eICU   MIMIC     Pooled (95%CI)        p   I²
   -------------------------------------------------------------------------------------- 
  KDIGO Stage >=1                             0.77    0.91   0.85 (0.72-0.99)   0.0398   11% *
  Ratio >=1.5x                                0.80    0.90   0.85 (0.72-1.02)   0.0772    0%
  Delta >=0.3                                 0.85    0.94   0.90 (0.76-1.07)   0.2201    0%
  Stage >=2                                   0.95    0.87   0.92 (0.75-1.13)   0.4272    0%
  Stage >=3                                   0.97    0.85   0.93 (0.68-1.26)   0.6351    0%
  AKI 1.5x <=48h                              0.68    0.95   0.83 (0.66-1.05)   0.1269   46%
  AKI 1.5x <=72h                              0.74    0.95   0.86 (0.70-1.06)   0.1646   24%
  Mortality (all+all)                         0.94    0.65   0.78 (0.60-1.02)   0.0693   41%
  Mortality (hypo+all)                        0.66    0.65   0.66 (0.51-0.85)   0.0017    0% *
  Fracture (neg ctrl)                         1.07    1.01   1.03 (0.67-1.60)   0.8808    0%
  Encephalopathy                              0.72    0.47   0.59 (0.39-0.89)   0.0116    4% *

Saved: /home/g91p721/mg_aki/results/06_meta_results.csv (11 pooled estimates)

06_meta.R COMPLETE

✓ Done (17m34s)
-rw-r--r--. 1 g91p721 tempest-users  224 Jun 14 12:36 results/00_consort.csv
-rw-r--r--. 1 g91p721 tempest-users 4.3M Jun 14 12:36 results/01_analysis_a_cohort.csv
-rw-r--r--. 1 g91p721 tempest-users 1.7M Jun 14 12:36 results/01b_hypo_cohort.csv
-rw-r--r--. 1 g91p721 tempest-users  31K Jun 14 12:36 results/02a_ps_diagnostics.pdf
-rw-r--r--. 1 g91p721 tempest-users 937K Jun 14 12:36 results/02c_hypo_matched.csv
-rw-r--r--. 1 g91p721 tempest-users 1.9M Jun 14 12:36 results/02d_hypo_iptw.csv
-rw-r--r--. 1 g91p721 tempest-users 4.8M Jun 14 12:36 results/02e_all_iptw.csv
-rw-r--r--. 1 g91p721 tempest-users 1.4M Jun 14 12:36 results/02f_all_matched.csv
-rw-r--r--. 1 g91p721 tempest-users 6.4K Jun 14 12:37 results/03_results_summary.csv
-rw-r--r--. 1 g91p721 tempest-users 1.4M Jun 14 12:47 results/04_mimic_cohort.csv
-rw-r--r--. 1 g91p721 tempest-users 4.2K Jun 14 12:48 results/05_mimic_results_summary.csv
-rw-r--r--. 1 g91p721 tempest-users 2.4K Jun 14 12:48 results/06_meta_results.csv
